This file contains any messages produced by compilers while
running configure, to aid debugging if configure makes a mistake.

It was created by schroot configure 1.6.10, which was
generated by GNU Autoconf 2.69.  Invocation command line was

  $ ./configure --prefix=/usr --libexecdir=/usr/lib --sysconfdir=/etc --localstatedir=/var --enable-dchroot --enable-lvm-snapshot --enable-btrfs-snapshot --with-bash-completion-dir=/usr/share/bash-completion/completions/ BTRFS=/sbin/btrfs BTRFSCTL=/sbin/btrfsctl LVCREATE=/sbin/lvcreate LVREMOVE=/sbin/lvremove

## --------- ##
## Platform. ##
## --------- ##

hostname = alarm
uname -m = armv7l
uname -r = 3.4.0-oc-gfd14b5c-00005-g317485a-dirty
uname -s = Linux
uname -v = #2 SMP PREEMPT Sat Apr 16 20:08:27 UTC 2016

/usr/bin/uname -p = unknown
/bin/uname -X     = unknown

/bin/arch              = unknown
/usr/bin/arch -k       = unknown
/usr/convex/getsysinfo = unknown
/usr/bin/hostinfo      = unknown
/bin/machine           = unknown
/usr/bin/oslevel       = unknown
/bin/universe          = unknown

PATH: /usr/lib/distcc/bin
PATH: /usr/local/sbin
PATH: /usr/local/bin
PATH: /usr/bin
PATH: /usr/bin/site_perl
PATH: /usr/bin/vendor_perl
PATH: /usr/bin/core_perl


## ----------- ##
## Core tests. ##
## ----------- ##

configure:2706: checking for a BSD-compatible install
configure:2774: result: /usr/bin/install -c
configure:2785: checking whether build environment is sane
configure:2840: result: yes
configure:2991: checking for a thread-safe mkdir -p
configure:3030: result: /usr/bin/mkdir -p
configure:3037: checking for gawk
configure:3053: found /usr/bin/gawk
configure:3064: result: gawk
configure:3075: checking whether make sets $(MAKE)
configure:3097: result: yes
configure:3126: checking whether make supports nested variables
configure:3143: result: yes
configure:3222: checking how to create a pax tar archive
configure:3233: tar --version
tar (GNU tar) 1.28
Copyright (C) 2014 Free Software Foundation, Inc.
License GPLv3+: GNU GPL version 3 or later <http://gnu.org/licenses/gpl.html>.
This is free software: you are free to change and redistribute it.
There is NO WARRANTY, to the extent permitted by law.

Written by John Gilmore and Jay Fenlason.
configure:3236: $? = 0
configure:3276: tardir=conftest.dir && eval tar --format=posix -chf - "$tardir" >conftest.tar
configure:3279: $? = 0
configure:3283: tar -xf - <conftest.tar
configure:3286: $? = 0
configure:3288: cat conftest.dir/file
GrepMe
configure:3291: $? = 0
configure:3304: result: gnutar
configure:3365: checking whether make supports nested variables
configure:3382: result: yes
configure:3408: checking whether to enable dchroot compatibility
configure:3423: result: yes
configure:3434: checking whether to enable dchroot-dsa compatibility
configure:3449: result: no
configure:3468: checking whether to enable csbuild
configure:3484: result: no
configure:3495: checking whether to enable debugging messages
configure:3510: result: no
configure:3522: checking whether to enable environment filtering regex
configure:3535: result: ^(BASH_ENV|CDPATH|ENV|HOSTALIASES|IFS|KRB5_CONFIG|KRBCONFDIR|KRBTKFILE|KRB_CONF|LD_.*|LOCALDOMAIN|NLSPATH|PATH_LOCALE|RES_OPTIONS|TERMINFO|TERMINFO_DIRS|TERMPATH)$
configure:3543: checking whether to enable support for PAM authentication
configure:3558: result: auto
configure:3561: checking whether to enable support for block devices
configure:3576: result: auto
configure:3579: checking whether to enable support for LVM snapshots
configure:3595: result: yes
configure:3598: checking whether to enable support for BTRFS snapshots
configure:3614: result: yes
configure:3617: checking whether to enable support for loopback mounts
configure:3632: result: auto
configure:3635: checking whether to enable support for UUIDs in session names
configure:3650: result: auto
configure:3653: checking whether to enable support for union mounts
configure:3668: result: auto
configure:3671: checking whether to enable doxygen documentation
configure:3686: result: auto
configure:3689: checking for bash completion directory
configure:3698: result: /usr/share/bash-completion/completions/
configure:3761: checking for g++
configure:3777: found /usr/lib/distcc/bin/g++
configure:3788: result: g++
configure:3815: checking for C++ compiler version
configure:3824: g++ --version >&5
g++ (GCC) 5.3.0
Copyright (C) 2015 Free Software Foundation, Inc.
This is free software; see the source for copying conditions.  There is NO
warranty; not even for MERCHANTABILITY or FITNESS FOR A PARTICULAR PURPOSE.

configure:3835: $? = 0
configure:3824: g++ -v >&5
Using built-in specs.
COLLECT_GCC=g++
COLLECT_LTO_WRAPPER=/usr/lib/gcc/armv7l-unknown-linux-gnueabihf/5.3.0/lto-wrapper
Target: armv7l-unknown-linux-gnueabihf
Configured with: /build/gcc/src/gcc-5-20160209/configure --prefix=/usr --libdir=/usr/lib --libexecdir=/usr/lib --mandir=/usr/share/man --infodir=/usr/share/info --with-bugurl=https://github.com/archlinuxarm/PKGBUILDs/issues --enable-languages=c,c++,fortran,go,lto,objc,obj-c++ --enable-shared --enable-threads=posix --with-system-zlib --with-isl --enable-__cxa_atexit --disable-libunwind-exceptions --enable-clocale=gnu --disable-libstdcxx-pch --disable-libssp --enable-gnu-unique-object --enable-linker-build-id --enable-lto --enable-plugin --enable-install-libiberty --with-linker-hash-style=gnu --enable-gnu-indirect-function --disable-multilib --disable-werror --enable-checking=release --host=armv7l-unknown-linux-gnueabihf --build=armv7l-unknown-linux-gnueabihf --with-arch=armv7-a --with-float=hard --with-fpu=vfpv3-d16
Thread model: posix
gcc version 5.3.0 (GCC) 
configure:3835: $? = 0
configure:3824: g++ -V >&5
g++: error: unrecognized command line option '-V'
g++: fatal error: no input files
compilation terminated.
distcc[3724] ERROR: compile (null) on localhost failed
configure:3835: $? = 1
configure:3824: g++ -qversion >&5
g++: error: unrecognized command line option '-qversion'
g++: fatal error: no input files
compilation terminated.
distcc[3730] ERROR: compile (null) on localhost failed
configure:3835: $? = 1
configure:3855: checking whether the C++ compiler works
configure:3877: g++ -march=armv7-a -mfloat-abi=hard -mfpu=vfpv3-d16 -O2 -pipe -fstack-protector --param=ssp-buffer-size=4 -D_FORTIFY_SOURCE=2 -Wl,-O1,--sort-common,--as-needed,-z,relro conftest.cpp  >&5
configure:3881: $? = 0
configure:3929: result: yes
configure:3932: checking for C++ compiler default output file name
configure:3934: result: a.out
configure:3940: checking for suffix of executables
configure:3947: g++ -o conftest -march=armv7-a -mfloat-abi=hard -mfpu=vfpv3-d16 -O2 -pipe -fstack-protector --param=ssp-buffer-size=4 -D_FORTIFY_SOURCE=2 -Wl,-O1,--sort-common,--as-needed,-z,relro conftest.cpp  >&5
configure:3951: $? = 0
configure:3973: result: 
configure:3995: checking whether we are cross compiling
configure:4003: g++ -o conftest -march=armv7-a -mfloat-abi=hard -mfpu=vfpv3-d16 -O2 -pipe -fstack-protector --param=ssp-buffer-size=4 -D_FORTIFY_SOURCE=2 -Wl,-O1,--sort-common,--as-needed,-z,relro conftest.cpp  >&5
configure:4007: $? = 0
configure:4014: ./conftest
configure:4018: $? = 0
configure:4033: result: no
configure:4038: checking for suffix of object files
configure:4060: g++ -c -march=armv7-a -mfloat-abi=hard -mfpu=vfpv3-d16 -O2 -pipe -fstack-protector --param=ssp-buffer-size=4 -D_FORTIFY_SOURCE=2 conftest.cpp >&5
configure:4064: $? = 0
configure:4085: result: o
configure:4089: checking whether we are using the GNU C++ compiler
configure:4108: g++ -c -march=armv7-a -mfloat-abi=hard -mfpu=vfpv3-d16 -O2 -pipe -fstack-protector --param=ssp-buffer-size=4 -D_FORTIFY_SOURCE=2 conftest.cpp >&5
configure:4108: $? = 0
configure:4117: result: yes
configure:4126: checking whether g++ accepts -g
configure:4146: g++ -c -g -D_FORTIFY_SOURCE=2 conftest.cpp >&5
configure:4146: $? = 0
configure:4187: result: yes
configure:4221: checking for style of include used by make
configure:4249: result: GNU
configure:4275: checking dependency style of g++
configure:4386: result: gcc3
configure:4411: checking build system type
configure:4425: result: armv7l-unknown-linux-gnueabihf
configure:4445: checking host system type
configure:4458: result: armv7l-unknown-linux-gnueabihf
configure:4526: checking for gcc
configure:4542: found /usr/lib/distcc/bin/gcc
configure:4553: result: gcc
configure:4782: checking for C compiler version
configure:4791: gcc --version >&5
gcc (GCC) 5.3.0
Copyright (C) 2015 Free Software Foundation, Inc.
This is free software; see the source for copying conditions.  There is NO
warranty; not even for MERCHANTABILITY or FITNESS FOR A PARTICULAR PURPOSE.

configure:4802: $? = 0
configure:4791: gcc -v >&5
Using built-in specs.
COLLECT_GCC=gcc
COLLECT_LTO_WRAPPER=/usr/lib/gcc/armv7l-unknown-linux-gnueabihf/5.3.0/lto-wrapper
Target: armv7l-unknown-linux-gnueabihf
Configured with: /build/gcc/src/gcc-5-20160209/configure --prefix=/usr --libdir=/usr/lib --libexecdir=/usr/lib --mandir=/usr/share/man --infodir=/usr/share/info --with-bugurl=https://github.com/archlinuxarm/PKGBUILDs/issues --enable-languages=c,c++,fortran,go,lto,objc,obj-c++ --enable-shared --enable-threads=posix --with-system-zlib --with-isl --enable-__cxa_atexit --disable-libunwind-exceptions --enable-clocale=gnu --disable-libstdcxx-pch --disable-libssp --enable-gnu-unique-object --enable-linker-build-id --enable-lto --enable-plugin --enable-install-libiberty --with-linker-hash-style=gnu --enable-gnu-indirect-function --disable-multilib --disable-werror --enable-checking=release --host=armv7l-unknown-linux-gnueabihf --build=armv7l-unknown-linux-gnueabihf --with-arch=armv7-a --with-float=hard --with-fpu=vfpv3-d16
Thread model: posix
gcc version 5.3.0 (GCC) 
configure:4802: $? = 0
configure:4791: gcc -V >&5
gcc: error: unrecognized command line option '-V'
gcc: fatal error: no input files
compilation terminated.
distcc[3892] ERROR: compile (null) on localhost failed
configure:4802: $? = 1
configure:4791: gcc -qversion >&5
gcc: error: unrecognized command line option '-qversion'
gcc: fatal error: no input files
compilation terminated.
distcc[3898] ERROR: compile (null) on localhost failed
configure:4802: $? = 1
configure:4806: checking whether we are using the GNU C compiler
configure:4825: gcc -c -march=armv7-a -mfloat-abi=hard -mfpu=vfpv3-d16 -O2 -pipe -fstack-protector --param=ssp-buffer-size=4 -D_FORTIFY_SOURCE=2 conftest.c >&5
configure:4825: $? = 0
configure:4834: result: yes
configure:4843: checking whether gcc accepts -g
configure:4863: gcc -c -g -D_FORTIFY_SOURCE=2 conftest.c >&5
configure:4863: $? = 0
configure:4904: result: yes
configure:4921: checking for gcc option to accept ISO C89
configure:4984: gcc  -c -march=armv7-a -mfloat-abi=hard -mfpu=vfpv3-d16 -O2 -pipe -fstack-protector --param=ssp-buffer-size=4 -D_FORTIFY_SOURCE=2 conftest.c >&5
configure:4984: $? = 0
configure:4997: result: none needed
configure:5022: checking whether gcc understands -c and -o together
configure:5044: gcc -c conftest.c -o conftest2.o
configure:5047: $? = 0
configure:5044: gcc -c conftest.c -o conftest2.o
configure:5047: $? = 0
configure:5059: result: yes
configure:5078: checking dependency style of gcc
configure:5189: result: gcc3
configure:5370: checking for the pthreads library -lpthreads
configure:5403: gcc -o conftest -march=armv7-a -mfloat-abi=hard -mfpu=vfpv3-d16 -O2 -pipe -fstack-protector --param=ssp-buffer-size=4  -D_FORTIFY_SOURCE=2 -Wl,-O1,--sort-common,--as-needed,-z,relro conftest.c -lpthreads  >&5
/usr/bin/ld: cannot find -lpthreads
collect2: error: ld returned 1 exit status
distcc[3964] ERROR: compile conftest.c on localhost failed
configure:5403: $? = 1
configure: failed program was:
| /* confdefs.h */
| #define PACKAGE_NAME "schroot"
| #define PACKAGE_TARNAME "schroot"
| #define PACKAGE_VERSION "1.6.10"
| #define PACKAGE_STRING "schroot 1.6.10"
| #define PACKAGE_BUGREPORT "buildd-tools-devel@lists.alioth.debian.org"
| #define PACKAGE_URL ""
| #define PACKAGE "schroot"
| #define VERSION "1.6.10"
| #define RELEASE_DATE_S "05 May 2014"
| #define RELEASE_DATE 1399248000
| #define SBUILD_DEFAULT_ENVIRONMENT_FILTER "^(BASH_ENV|CDPATH|ENV|HOSTALIASES|IFS|KRB5_CONFIG|KRBCONFDIR|KRBTKFILE|KRB_CONF|LD_.*|LOCALDOMAIN|NLSPATH|PATH_LOCALE|RES_OPTIONS|TERMINFO|TERMINFO_DIRS|TERMPATH)$"
| /* end confdefs.h.  */
| #include <pthread.h>
| int
| main ()
| {
| pthread_t th; pthread_join(th, 0);
|                      pthread_attr_init(0); pthread_cleanup_push(0, 0);
|                      pthread_create(0,0,0,0); pthread_cleanup_pop(0);
|   ;
|   return 0;
| }
configure:5412: result: no
configure:5315: checking whether pthreads work without any flags
configure:5403: gcc -o conftest -march=armv7-a -mfloat-abi=hard -mfpu=vfpv3-d16 -O2 -pipe -fstack-protector --param=ssp-buffer-size=4  -D_FORTIFY_SOURCE=2 -Wl,-O1,--sort-common,--as-needed,-z,relro conftest.c   >&5
/tmp/ccxIo9Zx.o: In function `main':
conftest.c:(.text.startup+0x10): undefined reference to `pthread_join'
conftest.c:(.text.startup+0x34): undefined reference to `__pthread_register_cancel'
conftest.c:(.text.startup+0x48): undefined reference to `pthread_create'
conftest.c:(.text.startup+0x50): undefined reference to `__pthread_unregister_cancel'
collect2: error: ld returned 1 exit status
distcc[3979] ERROR: compile conftest.c on localhost failed
configure:5403: $? = 1
configure: failed program was:
| /* confdefs.h */
| #define PACKAGE_NAME "schroot"
| #define PACKAGE_TARNAME "schroot"
| #define PACKAGE_VERSION "1.6.10"
| #define PACKAGE_STRING "schroot 1.6.10"
| #define PACKAGE_BUGREPORT "buildd-tools-devel@lists.alioth.debian.org"
| #define PACKAGE_URL ""
| #define PACKAGE "schroot"
| #define VERSION "1.6.10"
| #define RELEASE_DATE_S "05 May 2014"
| #define RELEASE_DATE 1399248000
| #define SBUILD_DEFAULT_ENVIRONMENT_FILTER "^(BASH_ENV|CDPATH|ENV|HOSTALIASES|IFS|KRB5_CONFIG|KRBCONFDIR|KRBTKFILE|KRB_CONF|LD_.*|LOCALDOMAIN|NLSPATH|PATH_LOCALE|RES_OPTIONS|TERMINFO|TERMINFO_DIRS|TERMPATH)$"
| /* end confdefs.h.  */
| #include <pthread.h>
| int
| main ()
| {
| pthread_t th; pthread_join(th, 0);
|                      pthread_attr_init(0); pthread_cleanup_push(0, 0);
|                      pthread_create(0,0,0,0); pthread_cleanup_pop(0);
|   ;
|   return 0;
| }
configure:5412: result: no
configure:5320: checking whether pthreads work with -Kthread
configure:5403: gcc -o conftest -march=armv7-a -mfloat-abi=hard -mfpu=vfpv3-d16 -O2 -pipe -fstack-protector --param=ssp-buffer-size=4 -Kthread -D_FORTIFY_SOURCE=2 -Wl,-O1,--sort-common,--as-needed,-z,relro conftest.c   >&5
gcc: error: unrecognized command line option '-Kthread'
distcc[3994] ERROR: compile conftest.c on localhost failed
configure:5403: $? = 1
configure: failed program was:
| /* confdefs.h */
| #define PACKAGE_NAME "schroot"
| #define PACKAGE_TARNAME "schroot"
| #define PACKAGE_VERSION "1.6.10"
| #define PACKAGE_STRING "schroot 1.6.10"
| #define PACKAGE_BUGREPORT "buildd-tools-devel@lists.alioth.debian.org"
| #define PACKAGE_URL ""
| #define PACKAGE "schroot"
| #define VERSION "1.6.10"
| #define RELEASE_DATE_S "05 May 2014"
| #define RELEASE_DATE 1399248000
| #define SBUILD_DEFAULT_ENVIRONMENT_FILTER "^(BASH_ENV|CDPATH|ENV|HOSTALIASES|IFS|KRB5_CONFIG|KRBCONFDIR|KRBTKFILE|KRB_CONF|LD_.*|LOCALDOMAIN|NLSPATH|PATH_LOCALE|RES_OPTIONS|TERMINFO|TERMINFO_DIRS|TERMPATH)$"
| /* end confdefs.h.  */
| #include <pthread.h>
| int
| main ()
| {
| pthread_t th; pthread_join(th, 0);
|                      pthread_attr_init(0); pthread_cleanup_push(0, 0);
|                      pthread_create(0,0,0,0); pthread_cleanup_pop(0);
|   ;
|   return 0;
| }
configure:5412: result: no
configure:5320: checking whether pthreads work with -kthread
configure:5403: gcc -o conftest -march=armv7-a -mfloat-abi=hard -mfpu=vfpv3-d16 -O2 -pipe -fstack-protector --param=ssp-buffer-size=4 -kthread -D_FORTIFY_SOURCE=2 -Wl,-O1,--sort-common,--as-needed,-z,relro conftest.c   >&5
gcc: error: unrecognized command line option '-kthread'
distcc[4005] ERROR: compile conftest.c on localhost failed
configure:5403: $? = 1
configure: failed program was:
| /* confdefs.h */
| #define PACKAGE_NAME "schroot"
| #define PACKAGE_TARNAME "schroot"
| #define PACKAGE_VERSION "1.6.10"
| #define PACKAGE_STRING "schroot 1.6.10"
| #define PACKAGE_BUGREPORT "buildd-tools-devel@lists.alioth.debian.org"
| #define PACKAGE_URL ""
| #define PACKAGE "schroot"
| #define VERSION "1.6.10"
| #define RELEASE_DATE_S "05 May 2014"
| #define RELEASE_DATE 1399248000
| #define SBUILD_DEFAULT_ENVIRONMENT_FILTER "^(BASH_ENV|CDPATH|ENV|HOSTALIASES|IFS|KRB5_CONFIG|KRBCONFDIR|KRBTKFILE|KRB_CONF|LD_.*|LOCALDOMAIN|NLSPATH|PATH_LOCALE|RES_OPTIONS|TERMINFO|TERMINFO_DIRS|TERMPATH)$"
| /* end confdefs.h.  */
| #include <pthread.h>
| int
| main ()
| {
| pthread_t th; pthread_join(th, 0);
|                      pthread_attr_init(0); pthread_cleanup_push(0, 0);
|                      pthread_create(0,0,0,0); pthread_cleanup_pop(0);
|   ;
|   return 0;
| }
configure:5412: result: no
configure:5370: checking for the pthreads library -llthread
configure:5403: gcc -o conftest -march=armv7-a -mfloat-abi=hard -mfpu=vfpv3-d16 -O2 -pipe -fstack-protector --param=ssp-buffer-size=4  -D_FORTIFY_SOURCE=2 -Wl,-O1,--sort-common,--as-needed,-z,relro conftest.c -llthread  >&5
/usr/bin/ld: cannot find -llthread
collect2: error: ld returned 1 exit status
distcc[4016] ERROR: compile conftest.c on localhost failed
configure:5403: $? = 1
configure: failed program was:
| /* confdefs.h */
| #define PACKAGE_NAME "schroot"
| #define PACKAGE_TARNAME "schroot"
| #define PACKAGE_VERSION "1.6.10"
| #define PACKAGE_STRING "schroot 1.6.10"
| #define PACKAGE_BUGREPORT "buildd-tools-devel@lists.alioth.debian.org"
| #define PACKAGE_URL ""
| #define PACKAGE "schroot"
| #define VERSION "1.6.10"
| #define RELEASE_DATE_S "05 May 2014"
| #define RELEASE_DATE 1399248000
| #define SBUILD_DEFAULT_ENVIRONMENT_FILTER "^(BASH_ENV|CDPATH|ENV|HOSTALIASES|IFS|KRB5_CONFIG|KRBCONFDIR|KRBTKFILE|KRB_CONF|LD_.*|LOCALDOMAIN|NLSPATH|PATH_LOCALE|RES_OPTIONS|TERMINFO|TERMINFO_DIRS|TERMPATH)$"
| /* end confdefs.h.  */
| #include <pthread.h>
| int
| main ()
| {
| pthread_t th; pthread_join(th, 0);
|                      pthread_attr_init(0); pthread_cleanup_push(0, 0);
|                      pthread_create(0,0,0,0); pthread_cleanup_pop(0);
|   ;
|   return 0;
| }
configure:5412: result: no
configure:5320: checking whether pthreads work with -pthread
configure:5403: gcc -o conftest -march=armv7-a -mfloat-abi=hard -mfpu=vfpv3-d16 -O2 -pipe -fstack-protector --param=ssp-buffer-size=4 -pthread -D_FORTIFY_SOURCE=2 -Wl,-O1,--sort-common,--as-needed,-z,relro conftest.c   >&5
configure:5403: $? = 0
configure:5412: result: yes
configure:5431: checking for joinable pthread attribute
configure:5446: gcc -o conftest -march=armv7-a -mfloat-abi=hard -mfpu=vfpv3-d16 -O2 -pipe -fstack-protector --param=ssp-buffer-size=4 -pthread -D_FORTIFY_SOURCE=2 -Wl,-O1,--sort-common,--as-needed,-z,relro conftest.c   >&5
configure:5446: $? = 0
configure:5452: result: PTHREAD_CREATE_JOINABLE
configure:5462: checking if more special flags are required for pthreads
configure:5469: result: no
configure:5660: checking how to print strings
configure:5687: result: printf
configure:5708: checking for a sed that does not truncate output
configure:5772: result: /usr/bin/sed
configure:5790: checking for grep that handles long lines and -e
configure:5848: result: /usr/bin/grep
configure:5853: checking for egrep
configure:5915: result: /usr/bin/grep -E
configure:5920: checking for fgrep
configure:5982: result: /usr/bin/grep -F
configure:6017: checking for ld used by gcc
configure:6084: result: /usr/bin/ld
configure:6091: checking if the linker (/usr/bin/ld) is GNU ld
configure:6106: result: yes
configure:6118: checking for BSD- or MS-compatible name lister (nm)
configure:6172: result: /usr/bin/nm -B
configure:6302: checking the name lister (/usr/bin/nm -B) interface
configure:6309: g++ -c -march=armv7-a -mfloat-abi=hard -mfpu=vfpv3-d16 -O2 -pipe -fstack-protector --param=ssp-buffer-size=4 -D_FORTIFY_SOURCE=2 conftest.cpp >&5
configure:6312: /usr/bin/nm -B "conftest.o"
configure:6315: output
00000000 B some_variable
configure:6322: result: BSD nm
configure:6325: checking whether ln -s works
configure:6329: result: yes
configure:6337: checking the maximum length of command line arguments
configure:6468: result: 1572864
configure:6516: checking how to convert armv7l-unknown-linux-gnueabihf file names to armv7l-unknown-linux-gnueabihf format
configure:6556: result: func_convert_file_noop
configure:6563: checking how to convert armv7l-unknown-linux-gnueabihf file names to toolchain format
configure:6583: result: func_convert_file_noop
configure:6590: checking for /usr/bin/ld option to reload object files
configure:6597: result: -r
configure:6671: checking for objdump
configure:6687: found /usr/bin/objdump
configure:6698: result: objdump
configure:6730: checking how to recognize dependent libraries
configure:6930: result: pass_all
configure:7015: checking for dlltool
configure:7045: result: no
configure:7075: checking how to associate runtime and link libraries
configure:7102: result: printf %s\n
configure:7163: checking for ar
configure:7179: found /usr/bin/ar
configure:7190: result: ar
configure:7227: checking for archiver @FILE support
configure:7244: g++ -c -march=armv7-a -mfloat-abi=hard -mfpu=vfpv3-d16 -O2 -pipe -fstack-protector --param=ssp-buffer-size=4 -D_FORTIFY_SOURCE=2 conftest.cpp >&5
configure:7244: $? = 0
configure:7247: ar cru libconftest.a @conftest.lst >&5
ar: `u' modifier ignored since `D' is the default (see `U')
configure:7250: $? = 0
configure:7255: ar cru libconftest.a @conftest.lst >&5
ar: `u' modifier ignored since `D' is the default (see `U')
ar: conftest.o: No such file or directory
configure:7258: $? = 1
configure:7270: result: @
configure:7328: checking for strip
configure:7344: found /usr/bin/strip
configure:7355: result: strip
configure:7427: checking for ranlib
configure:7443: found /usr/bin/ranlib
configure:7454: result: ranlib
configure:7556: checking command to parse /usr/bin/nm -B output from gcc object
configure:7709: g++ -c -march=armv7-a -mfloat-abi=hard -mfpu=vfpv3-d16 -O2 -pipe -fstack-protector --param=ssp-buffer-size=4 -D_FORTIFY_SOURCE=2 conftest.cpp >&5
configure:7712: $? = 0
configure:7716: /usr/bin/nm -B conftest.o \| sed -n -e 's/^.*[ ]\([ABCDGIRSTW][ABCDGIRSTW]*\)[ ][ ]*\([_A-Za-z][_A-Za-z0-9]*\)$/\1 \2 \2/p' | sed '/ __gnu_lto/d' \> conftest.nm
configure:7719: $? = 0
configure:7785: g++ -o conftest -march=armv7-a -mfloat-abi=hard -mfpu=vfpv3-d16 -O2 -pipe -fstack-protector --param=ssp-buffer-size=4 -D_FORTIFY_SOURCE=2 -Wl,-O1,--sort-common,--as-needed,-z,relro conftest.cpp conftstm.o >&5
configure:7788: $? = 0
configure:7826: result: ok
configure:7873: checking for sysroot
configure:7903: result: no
configure:7910: checking for a working dd
configure:7948: result: /usr/bin/dd
configure:7952: checking how to truncate binary pipes
configure:7967: result: /usr/bin/dd bs=4096 count=1
configure:8296: checking for mt
configure:8326: result: no
configure:8346: checking if : is a manifest tool
configure:8352: : '-?'
configure:8360: result: no
configure:9037: checking how to run the C preprocessor
configure:9068: gcc -E -D_FORTIFY_SOURCE=2 conftest.c
In file included from /usr/include/limits.h:25:0,
                 from /usr/lib/gcc/armv7l-unknown-linux-gnueabihf/5.3.0/include-fixed/limits.h:168,
                 from /usr/lib/gcc/armv7l-unknown-linux-gnueabihf/5.3.0/include-fixed/syslimits.h:7,
                 from /usr/lib/gcc/armv7l-unknown-linux-gnueabihf/5.3.0/include-fixed/limits.h:34,
                 from conftest.c:16:
/usr/include/features.h:331:4: warning: #warning _FORTIFY_SOURCE requires compiling with optimization (-O) [-Wcpp]
 #  warning _FORTIFY_SOURCE requires compiling with optimization (-O)
    ^
configure:9068: $? = 0
configure:9082: gcc -E -D_FORTIFY_SOURCE=2 conftest.c
conftest.c:15:28: fatal error: ac_nonexistent.h: No such file or directory
compilation terminated.
distcc[4171] ERROR: compile (null) on localhost failed
configure:9082: $? = 1
configure: failed program was:
| /* confdefs.h */
| #define PACKAGE_NAME "schroot"
| #define PACKAGE_TARNAME "schroot"
| #define PACKAGE_VERSION "1.6.10"
| #define PACKAGE_STRING "schroot 1.6.10"
| #define PACKAGE_BUGREPORT "buildd-tools-devel@lists.alioth.debian.org"
| #define PACKAGE_URL ""
| #define PACKAGE "schroot"
| #define VERSION "1.6.10"
| #define RELEASE_DATE_S "05 May 2014"
| #define RELEASE_DATE 1399248000
| #define SBUILD_DEFAULT_ENVIRONMENT_FILTER "^(BASH_ENV|CDPATH|ENV|HOSTALIASES|IFS|KRB5_CONFIG|KRBCONFDIR|KRBTKFILE|KRB_CONF|LD_.*|LOCALDOMAIN|NLSPATH|PATH_LOCALE|RES_OPTIONS|TERMINFO|TERMINFO_DIRS|TERMPATH)$"
| #define HAVE_PTHREAD 1
| /* end confdefs.h.  */
| #include <ac_nonexistent.h>
configure:9107: result: gcc -E
configure:9127: gcc -E -D_FORTIFY_SOURCE=2 conftest.c
In file included from /usr/include/limits.h:25:0,
                 from /usr/lib/gcc/armv7l-unknown-linux-gnueabihf/5.3.0/include-fixed/limits.h:168,
                 from /usr/lib/gcc/armv7l-unknown-linux-gnueabihf/5.3.0/include-fixed/syslimits.h:7,
                 from /usr/lib/gcc/armv7l-unknown-linux-gnueabihf/5.3.0/include-fixed/limits.h:34,
                 from conftest.c:16:
/usr/include/features.h:331:4: warning: #warning _FORTIFY_SOURCE requires compiling with optimization (-O) [-Wcpp]
 #  warning _FORTIFY_SOURCE requires compiling with optimization (-O)
    ^
configure:9127: $? = 0
configure:9141: gcc -E -D_FORTIFY_SOURCE=2 conftest.c
conftest.c:15:28: fatal error: ac_nonexistent.h: No such file or directory
compilation terminated.
distcc[4190] ERROR: compile (null) on localhost failed
configure:9141: $? = 1
configure: failed program was:
| /* confdefs.h */
| #define PACKAGE_NAME "schroot"
| #define PACKAGE_TARNAME "schroot"
| #define PACKAGE_VERSION "1.6.10"
| #define PACKAGE_STRING "schroot 1.6.10"
| #define PACKAGE_BUGREPORT "buildd-tools-devel@lists.alioth.debian.org"
| #define PACKAGE_URL ""
| #define PACKAGE "schroot"
| #define VERSION "1.6.10"
| #define RELEASE_DATE_S "05 May 2014"
| #define RELEASE_DATE 1399248000
| #define SBUILD_DEFAULT_ENVIRONMENT_FILTER "^(BASH_ENV|CDPATH|ENV|HOSTALIASES|IFS|KRB5_CONFIG|KRBCONFDIR|KRBTKFILE|KRB_CONF|LD_.*|LOCALDOMAIN|NLSPATH|PATH_LOCALE|RES_OPTIONS|TERMINFO|TERMINFO_DIRS|TERMPATH)$"
| #define HAVE_PTHREAD 1
| /* end confdefs.h.  */
| #include <ac_nonexistent.h>
configure:9170: checking for ANSI C header files
configure:9190: gcc -c -march=armv7-a -mfloat-abi=hard -mfpu=vfpv3-d16 -O2 -pipe -fstack-protector --param=ssp-buffer-size=4 -D_FORTIFY_SOURCE=2 conftest.c >&5
configure:9190: $? = 0
In file included from /usr/include/string.h:25:0,
                 from conftest.c:15:
/usr/include/features.h:331:4: warning: #warning _FORTIFY_SOURCE requires compiling with optimization (-O) [-Wcpp]
 #  warning _FORTIFY_SOURCE requires compiling with optimization (-O)
    ^
In file included from /usr/include/stdlib.h:24:0,
                 from conftest.c:15:
/usr/include/features.h:331:4: warning: #warning _FORTIFY_SOURCE requires compiling with optimization (-O) [-Wcpp]
 #  warning _FORTIFY_SOURCE requires compiling with optimization (-O)
    ^
configure:9263: gcc -o conftest -march=armv7-a -mfloat-abi=hard -mfpu=vfpv3-d16 -O2 -pipe -fstack-protector --param=ssp-buffer-size=4 -D_FORTIFY_SOURCE=2 -Wl,-O1,--sort-common,--as-needed,-z,relro conftest.c  >&5
configure:9263: $? = 0
configure:9263: ./conftest
configure:9263: $? = 0
configure:9274: result: yes
configure:9287: checking for sys/types.h
configure:9287: gcc -c -march=armv7-a -mfloat-abi=hard -mfpu=vfpv3-d16 -O2 -pipe -fstack-protector --param=ssp-buffer-size=4 -D_FORTIFY_SOURCE=2 conftest.c >&5
configure:9287: $? = 0
configure:9287: result: yes
configure:9287: checking for sys/stat.h
configure:9287: gcc -c -march=armv7-a -mfloat-abi=hard -mfpu=vfpv3-d16 -O2 -pipe -fstack-protector --param=ssp-buffer-size=4 -D_FORTIFY_SOURCE=2 conftest.c >&5
configure:9287: $? = 0
configure:9287: result: yes
configure:9287: checking for stdlib.h
configure:9287: gcc -c -march=armv7-a -mfloat-abi=hard -mfpu=vfpv3-d16 -O2 -pipe -fstack-protector --param=ssp-buffer-size=4 -D_FORTIFY_SOURCE=2 conftest.c >&5
configure:9287: $? = 0
configure:9287: result: yes
configure:9287: checking for string.h
configure:9287: gcc -c -march=armv7-a -mfloat-abi=hard -mfpu=vfpv3-d16 -O2 -pipe -fstack-protector --param=ssp-buffer-size=4 -D_FORTIFY_SOURCE=2 conftest.c >&5
configure:9287: $? = 0
configure:9287: result: yes
configure:9287: checking for memory.h
configure:9287: gcc -c -march=armv7-a -mfloat-abi=hard -mfpu=vfpv3-d16 -O2 -pipe -fstack-protector --param=ssp-buffer-size=4 -D_FORTIFY_SOURCE=2 conftest.c >&5
configure:9287: $? = 0
configure:9287: result: yes
configure:9287: checking for strings.h
configure:9287: gcc -c -march=armv7-a -mfloat-abi=hard -mfpu=vfpv3-d16 -O2 -pipe -fstack-protector --param=ssp-buffer-size=4 -D_FORTIFY_SOURCE=2 conftest.c >&5
configure:9287: $? = 0
configure:9287: result: yes
configure:9287: checking for inttypes.h
configure:9287: gcc -c -march=armv7-a -mfloat-abi=hard -mfpu=vfpv3-d16 -O2 -pipe -fstack-protector --param=ssp-buffer-size=4 -D_FORTIFY_SOURCE=2 conftest.c >&5
configure:9287: $? = 0
configure:9287: result: yes
configure:9287: checking for stdint.h
configure:9287: gcc -c -march=armv7-a -mfloat-abi=hard -mfpu=vfpv3-d16 -O2 -pipe -fstack-protector --param=ssp-buffer-size=4 -D_FORTIFY_SOURCE=2 conftest.c >&5
configure:9287: $? = 0
configure:9287: result: yes
configure:9287: checking for unistd.h
configure:9287: gcc -c -march=armv7-a -mfloat-abi=hard -mfpu=vfpv3-d16 -O2 -pipe -fstack-protector --param=ssp-buffer-size=4 -D_FORTIFY_SOURCE=2 conftest.c >&5
configure:9287: $? = 0
configure:9287: result: yes
configure:9301: checking for dlfcn.h
configure:9301: gcc -c -march=armv7-a -mfloat-abi=hard -mfpu=vfpv3-d16 -O2 -pipe -fstack-protector --param=ssp-buffer-size=4 -D_FORTIFY_SOURCE=2 conftest.c >&5
configure:9301: $? = 0
configure:9301: result: yes
configure:9507: checking for objdir
configure:9522: result: .libs
configure:9786: checking if gcc supports -fno-rtti -fno-exceptions
configure:9804: gcc -c -march=armv7-a -mfloat-abi=hard -mfpu=vfpv3-d16 -O2 -pipe -fstack-protector --param=ssp-buffer-size=4 -D_FORTIFY_SOURCE=2 -fno-rtti -fno-exceptions conftest.c >&5
cc1: warning: command line option '-fno-rtti' is valid for C++/ObjC++ but not for C
configure:9808: $? = 0
configure:9821: result: no
configure:10179: checking for gcc option to produce PIC
configure:10186: result: -fPIC -DPIC
configure:10194: checking if gcc PIC flag -fPIC -DPIC works
configure:10212: gcc -c -march=armv7-a -mfloat-abi=hard -mfpu=vfpv3-d16 -O2 -pipe -fstack-protector --param=ssp-buffer-size=4 -D_FORTIFY_SOURCE=2 -fPIC -DPIC -DPIC conftest.c >&5
configure:10216: $? = 0
configure:10229: result: yes
configure:10258: checking if gcc static flag -static works
configure:10286: result: yes
configure:10301: checking if gcc supports -c -o file.o
configure:10322: gcc -c -march=armv7-a -mfloat-abi=hard -mfpu=vfpv3-d16 -O2 -pipe -fstack-protector --param=ssp-buffer-size=4 -D_FORTIFY_SOURCE=2 -o out/conftest2.o conftest.c >&5
configure:10326: $? = 0
configure:10348: result: yes
configure:10356: checking if gcc supports -c -o file.o
configure:10403: result: yes
configure:10436: checking whether the gcc linker (/usr/bin/ld) supports shared libraries
configure:11695: result: yes
configure:11935: checking dynamic linker characteristics
configure:12516: gcc -o conftest -march=armv7-a -mfloat-abi=hard -mfpu=vfpv3-d16 -O2 -pipe -fstack-protector --param=ssp-buffer-size=4 -D_FORTIFY_SOURCE=2 -Wl,-O1,--sort-common,--as-needed,-z,relro -Wl,-rpath -Wl,/foo conftest.c  >&5
configure:12516: $? = 0
configure:12753: result: GNU/Linux ld.so
configure:12875: checking how to hardcode library paths into programs
configure:12900: result: immediate
configure:13448: checking whether stripping libraries is possible
configure:13453: result: yes
configure:13488: checking if libtool supports shared libraries
configure:13490: result: yes
configure:13493: checking whether to build shared libraries
configure:13518: result: no
configure:13521: checking whether to build static libraries
configure:13525: result: yes
configure:13548: checking how to run the C++ preprocessor
configure:13575: g++ -E -D_FORTIFY_SOURCE=2 conftest.cpp
In file included from /usr/include/limits.h:25:0,
                 from /usr/lib/gcc/armv7l-unknown-linux-gnueabihf/5.3.0/include-fixed/limits.h:168,
                 from /usr/lib/gcc/armv7l-unknown-linux-gnueabihf/5.3.0/include-fixed/syslimits.h:7,
                 from /usr/lib/gcc/armv7l-unknown-linux-gnueabihf/5.3.0/include-fixed/limits.h:34,
                 from conftest.cpp:28:
/usr/include/features.h:331:4: warning: #warning _FORTIFY_SOURCE requires compiling with optimization (-O) [-Wcpp]
 #  warning _FORTIFY_SOURCE requires compiling with optimization (-O)
    ^
configure:13575: $? = 0
configure:13589: g++ -E -D_FORTIFY_SOURCE=2 conftest.cpp
conftest.cpp:27:28: fatal error: ac_nonexistent.h: No such file or directory
compilation terminated.
distcc[4547] ERROR: compile (null) on localhost failed
configure:13589: $? = 1
configure: failed program was:
| /* confdefs.h */
| #define PACKAGE_NAME "schroot"
| #define PACKAGE_TARNAME "schroot"
| #define PACKAGE_VERSION "1.6.10"
| #define PACKAGE_STRING "schroot 1.6.10"
| #define PACKAGE_BUGREPORT "buildd-tools-devel@lists.alioth.debian.org"
| #define PACKAGE_URL ""
| #define PACKAGE "schroot"
| #define VERSION "1.6.10"
| #define RELEASE_DATE_S "05 May 2014"
| #define RELEASE_DATE 1399248000
| #define SBUILD_DEFAULT_ENVIRONMENT_FILTER "^(BASH_ENV|CDPATH|ENV|HOSTALIASES|IFS|KRB5_CONFIG|KRBCONFDIR|KRBTKFILE|KRB_CONF|LD_.*|LOCALDOMAIN|NLSPATH|PATH_LOCALE|RES_OPTIONS|TERMINFO|TERMINFO_DIRS|TERMPATH)$"
| #define HAVE_PTHREAD 1
| #define STDC_HEADERS 1
| #define HAVE_SYS_TYPES_H 1
| #define HAVE_SYS_STAT_H 1
| #define HAVE_STDLIB_H 1
| #define HAVE_STRING_H 1
| #define HAVE_MEMORY_H 1
| #define HAVE_STRINGS_H 1
| #define HAVE_INTTYPES_H 1
| #define HAVE_STDINT_H 1
| #define HAVE_UNISTD_H 1
| #define HAVE_DLFCN_H 1
| #define LT_OBJDIR ".libs/"
| /* end confdefs.h.  */
| #include <ac_nonexistent.h>
configure:13614: result: g++ -E
configure:13634: g++ -E -D_FORTIFY_SOURCE=2 conftest.cpp
In file included from /usr/include/limits.h:25:0,
                 from /usr/lib/gcc/armv7l-unknown-linux-gnueabihf/5.3.0/include-fixed/limits.h:168,
                 from /usr/lib/gcc/armv7l-unknown-linux-gnueabihf/5.3.0/include-fixed/syslimits.h:7,
                 from /usr/lib/gcc/armv7l-unknown-linux-gnueabihf/5.3.0/include-fixed/limits.h:34,
                 from conftest.cpp:28:
/usr/include/features.h:331:4: warning: #warning _FORTIFY_SOURCE requires compiling with optimization (-O) [-Wcpp]
 #  warning _FORTIFY_SOURCE requires compiling with optimization (-O)
    ^
configure:13634: $? = 0
configure:13648: g++ -E -D_FORTIFY_SOURCE=2 conftest.cpp
conftest.cpp:27:28: fatal error: ac_nonexistent.h: No such file or directory
compilation terminated.
distcc[4566] ERROR: compile (null) on localhost failed
configure:13648: $? = 1
configure: failed program was:
| /* confdefs.h */
| #define PACKAGE_NAME "schroot"
| #define PACKAGE_TARNAME "schroot"
| #define PACKAGE_VERSION "1.6.10"
| #define PACKAGE_STRING "schroot 1.6.10"
| #define PACKAGE_BUGREPORT "buildd-tools-devel@lists.alioth.debian.org"
| #define PACKAGE_URL ""
| #define PACKAGE "schroot"
| #define VERSION "1.6.10"
| #define RELEASE_DATE_S "05 May 2014"
| #define RELEASE_DATE 1399248000
| #define SBUILD_DEFAULT_ENVIRONMENT_FILTER "^(BASH_ENV|CDPATH|ENV|HOSTALIASES|IFS|KRB5_CONFIG|KRBCONFDIR|KRBTKFILE|KRB_CONF|LD_.*|LOCALDOMAIN|NLSPATH|PATH_LOCALE|RES_OPTIONS|TERMINFO|TERMINFO_DIRS|TERMPATH)$"
| #define HAVE_PTHREAD 1
| #define STDC_HEADERS 1
| #define HAVE_SYS_TYPES_H 1
| #define HAVE_SYS_STAT_H 1
| #define HAVE_STDLIB_H 1
| #define HAVE_STRING_H 1
| #define HAVE_MEMORY_H 1
| #define HAVE_STRINGS_H 1
| #define HAVE_INTTYPES_H 1
| #define HAVE_STDINT_H 1
| #define HAVE_UNISTD_H 1
| #define HAVE_DLFCN_H 1
| #define LT_OBJDIR ".libs/"
| /* end confdefs.h.  */
| #include <ac_nonexistent.h>
configure:13810: checking for ld used by g++
configure:13877: result: /usr/bin/ld
configure:13884: checking if the linker (/usr/bin/ld) is GNU ld
configure:13899: result: yes
configure:13954: checking whether the g++ linker (/usr/bin/ld) supports shared libraries
configure:15027: result: yes
configure:15063: g++ -c -march=armv7-a -mfloat-abi=hard -mfpu=vfpv3-d16 -O2 -pipe -fstack-protector --param=ssp-buffer-size=4 -D_FORTIFY_SOURCE=2 conftest.cpp >&5
configure:15066: $? = 0
configure:15547: checking for g++ option to produce PIC
configure:15554: result: -fPIC -DPIC
configure:15562: checking if g++ PIC flag -fPIC -DPIC works
configure:15580: g++ -c -march=armv7-a -mfloat-abi=hard -mfpu=vfpv3-d16 -O2 -pipe -fstack-protector --param=ssp-buffer-size=4 -D_FORTIFY_SOURCE=2 -fPIC -DPIC -DPIC conftest.cpp >&5
configure:15584: $? = 0
configure:15597: result: yes
configure:15620: checking if g++ static flag -static works
configure:15648: result: yes
configure:15660: checking if g++ supports -c -o file.o
configure:15681: g++ -c -march=armv7-a -mfloat-abi=hard -mfpu=vfpv3-d16 -O2 -pipe -fstack-protector --param=ssp-buffer-size=4 -D_FORTIFY_SOURCE=2 -o out/conftest2.o conftest.cpp >&5
configure:15685: $? = 0
configure:15707: result: yes
configure:15712: checking if g++ supports -c -o file.o
configure:15759: result: yes
configure:15789: checking whether the g++ linker (/usr/bin/ld) supports shared libraries
configure:15829: result: yes
configure:15970: checking dynamic linker characteristics
configure:16715: result: GNU/Linux ld.so
configure:16780: checking how to hardcode library paths into programs
configure:16805: result: immediate
configure:16875: checking whether NLS is requested
configure:16884: result: yes
configure:16922: checking for msgfmt
configure: trying /usr/bin/msgfmt...
0 translated messages.
configure:16954: result: /usr/bin/msgfmt
configure:16963: checking for gmsgfmt
configure:16994: result: /usr/bin/msgfmt
configure:17045: checking for xgettext
configure: trying /usr/bin/xgettext...
/usr/bin/xgettext: warning: file '/dev/null' extension '' is unknown; will try C
configure:17077: result: /usr/bin/xgettext
configure:17123: checking for msgmerge
configure: trying /usr/bin/msgmerge...
configure:17154: result: /usr/bin/msgmerge
configure:17208: checking for ld used by GCC
configure:17272: result: /usr/bin/ld
configure:17279: checking if the linker (/usr/bin/ld) is GNU ld
configure:17292: result: yes
configure:17299: checking for shared library run path origin
configure:17312: result: done
configure:17769: checking for CFPreferencesCopyAppValue
configure:17787: g++ -o conftest -march=armv7-a -mfloat-abi=hard -mfpu=vfpv3-d16 -O2 -pipe -fstack-protector --param=ssp-buffer-size=4 -D_FORTIFY_SOURCE=2 -Wl,-O1,--sort-common,--as-needed,-z,relro conftest.cpp  -Wl,-framework -Wl,CoreFoundation >&5
conftest.cpp:27:42: fatal error: CoreFoundation/CFPreferences.h: No such file or directory
compilation terminated.
distcc[4778] ERROR: compile conftest.cpp on localhost failed
configure:17787: $? = 1
configure: failed program was:
| /* confdefs.h */
| #define PACKAGE_NAME "schroot"
| #define PACKAGE_TARNAME "schroot"
| #define PACKAGE_VERSION "1.6.10"
| #define PACKAGE_STRING "schroot 1.6.10"
| #define PACKAGE_BUGREPORT "buildd-tools-devel@lists.alioth.debian.org"
| #define PACKAGE_URL ""
| #define PACKAGE "schroot"
| #define VERSION "1.6.10"
| #define RELEASE_DATE_S "05 May 2014"
| #define RELEASE_DATE 1399248000
| #define SBUILD_DEFAULT_ENVIRONMENT_FILTER "^(BASH_ENV|CDPATH|ENV|HOSTALIASES|IFS|KRB5_CONFIG|KRBCONFDIR|KRBTKFILE|KRB_CONF|LD_.*|LOCALDOMAIN|NLSPATH|PATH_LOCALE|RES_OPTIONS|TERMINFO|TERMINFO_DIRS|TERMPATH)$"
| #define HAVE_PTHREAD 1
| #define STDC_HEADERS 1
| #define HAVE_SYS_TYPES_H 1
| #define HAVE_SYS_STAT_H 1
| #define HAVE_STDLIB_H 1
| #define HAVE_STRING_H 1
| #define HAVE_MEMORY_H 1
| #define HAVE_STRINGS_H 1
| #define HAVE_INTTYPES_H 1
| #define HAVE_STDINT_H 1
| #define HAVE_UNISTD_H 1
| #define HAVE_DLFCN_H 1
| #define LT_OBJDIR ".libs/"
| /* end confdefs.h.  */
| #include <CoreFoundation/CFPreferences.h>
| int
| main ()
| {
| CFPreferencesCopyAppValue(NULL, NULL)
|   ;
|   return 0;
| }
configure:17796: result: no
configure:17803: checking for CFLocaleCopyCurrent
configure:17821: g++ -o conftest -march=armv7-a -mfloat-abi=hard -mfpu=vfpv3-d16 -O2 -pipe -fstack-protector --param=ssp-buffer-size=4 -D_FORTIFY_SOURCE=2 -Wl,-O1,--sort-common,--as-needed,-z,relro conftest.cpp  -Wl,-framework -Wl,CoreFoundation >&5
conftest.cpp:27:37: fatal error: CoreFoundation/CFLocale.h: No such file or directory
compilation terminated.
distcc[4791] ERROR: compile conftest.cpp on localhost failed
configure:17821: $? = 1
configure: failed program was:
| /* confdefs.h */
| #define PACKAGE_NAME "schroot"
| #define PACKAGE_TARNAME "schroot"
| #define PACKAGE_VERSION "1.6.10"
| #define PACKAGE_STRING "schroot 1.6.10"
| #define PACKAGE_BUGREPORT "buildd-tools-devel@lists.alioth.debian.org"
| #define PACKAGE_URL ""
| #define PACKAGE "schroot"
| #define VERSION "1.6.10"
| #define RELEASE_DATE_S "05 May 2014"
| #define RELEASE_DATE 1399248000
| #define SBUILD_DEFAULT_ENVIRONMENT_FILTER "^(BASH_ENV|CDPATH|ENV|HOSTALIASES|IFS|KRB5_CONFIG|KRBCONFDIR|KRBTKFILE|KRB_CONF|LD_.*|LOCALDOMAIN|NLSPATH|PATH_LOCALE|RES_OPTIONS|TERMINFO|TERMINFO_DIRS|TERMPATH)$"
| #define HAVE_PTHREAD 1
| #define STDC_HEADERS 1
| #define HAVE_SYS_TYPES_H 1
| #define HAVE_SYS_STAT_H 1
| #define HAVE_STDLIB_H 1
| #define HAVE_STRING_H 1
| #define HAVE_MEMORY_H 1
| #define HAVE_STRINGS_H 1
| #define HAVE_INTTYPES_H 1
| #define HAVE_STDINT_H 1
| #define HAVE_UNISTD_H 1
| #define HAVE_DLFCN_H 1
| #define LT_OBJDIR ".libs/"
| /* end confdefs.h.  */
| #include <CoreFoundation/CFLocale.h>
| int
| main ()
| {
| CFLocaleCopyCurrent();
|   ;
|   return 0;
| }
configure:17830: result: no
configure:17879: checking for GNU gettext in libc
configure:17899: g++ -o conftest -march=armv7-a -mfloat-abi=hard -mfpu=vfpv3-d16 -O2 -pipe -fstack-protector --param=ssp-buffer-size=4 -D_FORTIFY_SOURCE=2 -Wl,-O1,--sort-common,--as-needed,-z,relro conftest.cpp  >&5
configure:17899: $? = 0
configure:17908: result: yes
configure:18514: checking whether to use NLS
configure:18516: result: yes
configure:18519: checking where the gettext function comes from
configure:18530: result: libc
configure:18589: checking for po4a
configure:18622: result: no
configure:18629: checking for soelim
configure:18647: found /usr/bin/soelim
configure:18659: result: /usr/bin/soelim
configure:18669: checking for find
configure:18687: found /usr/bin/find
configure:18699: result: /usr/bin/find
configure:18709: checking for xargs
configure:18727: found /usr/bin/xargs
configure:18739: result: /usr/bin/xargs
configure:18750: checking for doxygen
configure:18783: result: no
configure:18794: checking for lvcreate
configure:18825: result: /sbin/lvcreate
configure:18835: checking for lvremove
configure:18866: result: /sbin/lvremove
configure:18880: checking for btrfs
configure:18911: result: /sbin/btrfs
configure:18921: checking for btrfsctl
configure:18952: result: /sbin/btrfsctl
configure:18966: checking for losetup
configure:18985: found /usr/bin/losetup
configure:18997: result: /usr/bin/losetup
configure:19011: checking for supported host platform type
configure:19020: result: linux
configure:19133: checking for pkg-config
configure:19151: found /usr/bin/pkg-config
configure:19163: result: /usr/bin/pkg-config
configure:19188: checking pkg-config is at least version 0.9.0
configure:19191: result: yes
configure:19201: checking for UUID
configure:19208: $PKG_CONFIG --exists --print-errors "uuid"
configure:19211: $? = 0
configure:19225: $PKG_CONFIG --exists --print-errors "uuid"
configure:19228: $? = 0
configure:19266: result: yes
configure:19305: checking for cppunit-config
configure:19323: found /usr/bin/cppunit-config
configure:19336: result: /usr/bin/cppunit-config
configure:19346: checking for Cppunit - version >= 1.10.0
configure:19392: result: 1.13.2
configure:19428: checking tr1/memory usability
configure:19428: g++ -c -march=armv7-a -mfloat-abi=hard -mfpu=vfpv3-d16 -O2 -pipe -fstack-protector --param=ssp-buffer-size=4 -D_FORTIFY_SOURCE=2 conftest.cpp >&5
configure:19428: $? = 0
configure:19428: result: yes
configure:19428: checking tr1/memory presence
configure:19428: g++ -E -D_FORTIFY_SOURCE=2 conftest.cpp
In file included from /usr/include/c++/5.3.0/armv7l-unknown-linux-gnueabihf/bits/os_defines.h:39:0,
                 from /usr/include/c++/5.3.0/armv7l-unknown-linux-gnueabihf/bits/c++config.h:482,
                 from /usr/include/c++/5.3.0/bits/stl_algobase.h:59,
                 from /usr/include/c++/5.3.0/memory:62,
                 from /usr/include/c++/5.3.0/tr1/memory:39,
                 from conftest.cpp:35:
/usr/include/features.h:331:4: warning: #warning _FORTIFY_SOURCE requires compiling with optimization (-O) [-Wcpp]
 #  warning _FORTIFY_SOURCE requires compiling with optimization (-O)
    ^
configure:19428: $? = 0
configure:19428: result: yes
configure:19428: checking for tr1/memory
configure:19428: result: yes
configure:19441: checking boost/shared_ptr.hpp usability
configure:19441: g++ -c -march=armv7-a -mfloat-abi=hard -mfpu=vfpv3-d16 -O2 -pipe -fstack-protector --param=ssp-buffer-size=4 -D_FORTIFY_SOURCE=2 conftest.cpp >&5
configure:19441: $? = 0
configure:19441: result: yes
configure:19441: checking boost/shared_ptr.hpp presence
configure:19441: g++ -E -D_FORTIFY_SOURCE=2 conftest.cpp
In file included from /usr/include/c++/5.3.0/armv7l-unknown-linux-gnueabihf/bits/os_defines.h:39:0,
                 from /usr/include/c++/5.3.0/armv7l-unknown-linux-gnueabihf/bits/c++config.h:482,
                 from /usr/include/c++/5.3.0/cstddef:44,
                 from /usr/include/boost/config/compiler/gcc.hpp:156,
                 from /usr/include/boost/config.hpp:39,
                 from /usr/include/boost/smart_ptr/shared_ptr.hpp:17,
                 from /usr/include/boost/shared_ptr.hpp:17,
                 from conftest.cpp:36:
/usr/include/features.h:331:4: warning: #warning _FORTIFY_SOURCE requires compiling with optimization (-O) [-Wcpp]
 #  warning _FORTIFY_SOURCE requires compiling with optimization (-O)
    ^
configure:19441: $? = 0
configure:19441: result: yes
configure:19441: checking for boost/shared_ptr.hpp
configure:19441: result: yes
configure:19461: checking tuple usability
configure:19461: g++ -c -march=armv7-a -mfloat-abi=hard -mfpu=vfpv3-d16 -O2 -pipe -fstack-protector --param=ssp-buffer-size=4 -D_FORTIFY_SOURCE=2 conftest.cpp >&5
In file included from /usr/include/c++/5.3.0/tuple:35:0,
                 from conftest.cpp:70:
/usr/include/c++/5.3.0/bits/c++0x_warning.h:32:2: error: #error This file requires compiler and library support for the ISO C++ 2011 standard. This support must be enabled with the -std=c++11 or -std=gnu++11 compiler options.
 #error This file requires compiler and library support \
  ^
distcc[4885] ERROR: compile conftest.cpp on localhost failed
configure:19461: $? = 1
configure: failed program was:
| /* confdefs.h */
| #define PACKAGE_NAME "schroot"
| #define PACKAGE_TARNAME "schroot"
| #define PACKAGE_VERSION "1.6.10"
| #define PACKAGE_STRING "schroot 1.6.10"
| #define PACKAGE_BUGREPORT "buildd-tools-devel@lists.alioth.debian.org"
| #define PACKAGE_URL ""
| #define PACKAGE "schroot"
| #define VERSION "1.6.10"
| #define RELEASE_DATE_S "05 May 2014"
| #define RELEASE_DATE 1399248000
| #define SBUILD_DEFAULT_ENVIRONMENT_FILTER "^(BASH_ENV|CDPATH|ENV|HOSTALIASES|IFS|KRB5_CONFIG|KRBCONFDIR|KRBTKFILE|KRB_CONF|LD_.*|LOCALDOMAIN|NLSPATH|PATH_LOCALE|RES_OPTIONS|TERMINFO|TERMINFO_DIRS|TERMPATH)$"
| #define HAVE_PTHREAD 1
| #define STDC_HEADERS 1
| #define HAVE_SYS_TYPES_H 1
| #define HAVE_SYS_STAT_H 1
| #define HAVE_STDLIB_H 1
| #define HAVE_STRING_H 1
| #define HAVE_MEMORY_H 1
| #define HAVE_STRINGS_H 1
| #define HAVE_INTTYPES_H 1
| #define HAVE_STDINT_H 1
| #define HAVE_UNISTD_H 1
| #define HAVE_DLFCN_H 1
| #define LT_OBJDIR ".libs/"
| #define ENABLE_NLS 1
| #define HAVE_GETTEXT 1
| #define HAVE_DCGETTEXT 1
| #define SBUILD_PLATFORM "linux"
| #define SBUILD_HOST "armv7l-unknown-linux-gnueabihf"
| #define SBUILD_HOST_OS "linux-gnueabihf"
| #define SBUILD_HOST_VENDOR "unknown"
| #define SBUILD_HOST_CPU "armv7l"
| #define HAVE_TR1_MEMORY 1
| #define HAVE_BOOST_SHARED_PTR_HPP 1
| /* end confdefs.h.  */
| #include <stdio.h>
| #ifdef HAVE_SYS_TYPES_H
| # include <sys/types.h>
| #endif
| #ifdef HAVE_SYS_STAT_H
| # include <sys/stat.h>
| #endif
| #ifdef STDC_HEADERS
| # include <stdlib.h>
| # include <stddef.h>
| #else
| # ifdef HAVE_STDLIB_H
| #  include <stdlib.h>
| # endif
| #endif
| #ifdef HAVE_STRING_H
| # if !defined STDC_HEADERS && defined HAVE_MEMORY_H
| #  include <memory.h>
| # endif
| # include <string.h>
| #endif
| #ifdef HAVE_STRINGS_H
| # include <strings.h>
| #endif
| #ifdef HAVE_INTTYPES_H
| # include <inttypes.h>
| #endif
| #ifdef HAVE_STDINT_H
| # include <stdint.h>
| #endif
| #ifdef HAVE_UNISTD_H
| # include <unistd.h>
| #endif
| #include <tuple>
configure:19461: result: no
configure:19461: checking tuple presence
configure:19461: g++ -E -D_FORTIFY_SOURCE=2 conftest.cpp
In file included from /usr/include/c++/5.3.0/tuple:35:0,
                 from conftest.cpp:37:
/usr/include/c++/5.3.0/bits/c++0x_warning.h:32:2: error: #error This file requires compiler and library support for the ISO C++ 2011 standard. This support must be enabled with the -std=c++11 or -std=gnu++11 compiler options.
 #error This file requires compiler and library support \
  ^
distcc[4896] ERROR: compile (null) on localhost failed
configure:19461: $? = 1
configure: failed program was:
| /* confdefs.h */
| #define PACKAGE_NAME "schroot"
| #define PACKAGE_TARNAME "schroot"
| #define PACKAGE_VERSION "1.6.10"
| #define PACKAGE_STRING "schroot 1.6.10"
| #define PACKAGE_BUGREPORT "buildd-tools-devel@lists.alioth.debian.org"
| #define PACKAGE_URL ""
| #define PACKAGE "schroot"
| #define VERSION "1.6.10"
| #define RELEASE_DATE_S "05 May 2014"
| #define RELEASE_DATE 1399248000
| #define SBUILD_DEFAULT_ENVIRONMENT_FILTER "^(BASH_ENV|CDPATH|ENV|HOSTALIASES|IFS|KRB5_CONFIG|KRBCONFDIR|KRBTKFILE|KRB_CONF|LD_.*|LOCALDOMAIN|NLSPATH|PATH_LOCALE|RES_OPTIONS|TERMINFO|TERMINFO_DIRS|TERMPATH)$"
| #define HAVE_PTHREAD 1
| #define STDC_HEADERS 1
| #define HAVE_SYS_TYPES_H 1
| #define HAVE_SYS_STAT_H 1
| #define HAVE_STDLIB_H 1
| #define HAVE_STRING_H 1
| #define HAVE_MEMORY_H 1
| #define HAVE_STRINGS_H 1
| #define HAVE_INTTYPES_H 1
| #define HAVE_STDINT_H 1
| #define HAVE_UNISTD_H 1
| #define HAVE_DLFCN_H 1
| #define LT_OBJDIR ".libs/"
| #define ENABLE_NLS 1
| #define HAVE_GETTEXT 1
| #define HAVE_DCGETTEXT 1
| #define SBUILD_PLATFORM "linux"
| #define SBUILD_HOST "armv7l-unknown-linux-gnueabihf"
| #define SBUILD_HOST_OS "linux-gnueabihf"
| #define SBUILD_HOST_VENDOR "unknown"
| #define SBUILD_HOST_CPU "armv7l"
| #define HAVE_TR1_MEMORY 1
| #define HAVE_BOOST_SHARED_PTR_HPP 1
| /* end confdefs.h.  */
| #include <tuple>
configure:19461: result: no
configure:19461: checking for tuple
configure:19461: result: no
configure:19473: checking tr1/tuple usability
configure:19473: g++ -c -march=armv7-a -mfloat-abi=hard -mfpu=vfpv3-d16 -O2 -pipe -fstack-protector --param=ssp-buffer-size=4 -D_FORTIFY_SOURCE=2 conftest.cpp >&5
configure:19473: $? = 0
configure:19473: result: yes
configure:19473: checking tr1/tuple presence
configure:19473: g++ -E -D_FORTIFY_SOURCE=2 conftest.cpp
In file included from /usr/include/c++/5.3.0/armv7l-unknown-linux-gnueabihf/bits/os_defines.h:39:0,
                 from /usr/include/c++/5.3.0/armv7l-unknown-linux-gnueabihf/bits/c++config.h:482,
                 from /usr/include/c++/5.3.0/utility:68,
                 from /usr/include/c++/5.3.0/tr1/tuple:37,
                 from conftest.cpp:37:
/usr/include/features.h:331:4: warning: #warning _FORTIFY_SOURCE requires compiling with optimization (-O) [-Wcpp]
 #  warning _FORTIFY_SOURCE requires compiling with optimization (-O)
    ^
configure:19473: $? = 0
configure:19473: result: yes
configure:19473: checking for tr1/tuple
configure:19473: result: yes
configure:19486: checking boost/tuple/tuple.hpp usability
configure:19486: g++ -c -march=armv7-a -mfloat-abi=hard -mfpu=vfpv3-d16 -O2 -pipe -fstack-protector --param=ssp-buffer-size=4 -D_FORTIFY_SOURCE=2 conftest.cpp >&5
configure:19486: $? = 0
configure:19486: result: yes
configure:19486: checking boost/tuple/tuple.hpp presence
configure:19486: g++ -E -D_FORTIFY_SOURCE=2 conftest.cpp
In file included from /usr/include/c++/5.3.0/armv7l-unknown-linux-gnueabihf/bits/os_defines.h:39:0,
                 from /usr/include/c++/5.3.0/armv7l-unknown-linux-gnueabihf/bits/c++config.h:482,
                 from /usr/include/c++/5.3.0/cstddef:44,
                 from /usr/include/boost/config/compiler/gcc.hpp:156,
                 from /usr/include/boost/config.hpp:39,
                 from /usr/include/boost/tuple/tuple.hpp:23,
                 from conftest.cpp:38:
/usr/include/features.h:331:4: warning: #warning _FORTIFY_SOURCE requires compiling with optimization (-O) [-Wcpp]
 #  warning _FORTIFY_SOURCE requires compiling with optimization (-O)
    ^
configure:19486: $? = 0
configure:19486: result: yes
configure:19486: checking for boost/tuple/tuple.hpp
configure:19486: result: yes
configure:19506: checking boost/format.hpp usability
configure:19506: g++ -c -march=armv7-a -mfloat-abi=hard -mfpu=vfpv3-d16 -O2 -pipe -fstack-protector --param=ssp-buffer-size=4 -D_FORTIFY_SOURCE=2 conftest.cpp >&5
configure:19506: $? = 0
configure:19506: result: yes
configure:19506: checking boost/format.hpp presence
configure:19506: g++ -E -D_FORTIFY_SOURCE=2 conftest.cpp
In file included from /usr/include/c++/5.3.0/armv7l-unknown-linux-gnueabihf/bits/os_defines.h:39:0,
                 from /usr/include/c++/5.3.0/armv7l-unknown-linux-gnueabihf/bits/c++config.h:482,
                 from /usr/include/c++/5.3.0/bits/stl_algobase.h:59,
                 from /usr/include/c++/5.3.0/vector:60,
                 from /usr/include/boost/format.hpp:17,
                 from conftest.cpp:39:
/usr/include/features.h:331:4: warning: #warning _FORTIFY_SOURCE requires compiling with optimization (-O) [-Wcpp]
 #  warning _FORTIFY_SOURCE requires compiling with optimization (-O)
    ^
configure:19506: $? = 0
configure:19506: result: yes
configure:19506: checking for boost/format.hpp
configure:19506: result: yes
configure:19520: checking boost/iostreams/device/file_descriptor.hpp usability
configure:19520: g++ -c -march=armv7-a -mfloat-abi=hard -mfpu=vfpv3-d16 -O2 -pipe -fstack-protector --param=ssp-buffer-size=4 -D_FORTIFY_SOURCE=2 conftest.cpp >&5
configure:19520: $? = 0
configure:19520: result: yes
configure:19520: checking boost/iostreams/device/file_descriptor.hpp presence
configure:19520: g++ -E -D_FORTIFY_SOURCE=2 conftest.cpp
In file included from /usr/include/c++/5.3.0/armv7l-unknown-linux-gnueabihf/bits/os_defines.h:39:0,
                 from /usr/include/c++/5.3.0/armv7l-unknown-linux-gnueabihf/bits/c++config.h:482,
                 from /usr/include/c++/5.3.0/string:38,
                 from /usr/include/boost/iostreams/device/file_descriptor.hpp:18,
                 from conftest.cpp:40:
/usr/include/features.h:331:4: warning: #warning _FORTIFY_SOURCE requires compiling with optimization (-O) [-Wcpp]
 #  warning _FORTIFY_SOURCE requires compiling with optimization (-O)
    ^
configure:19520: $? = 0
configure:19520: result: yes
configure:19520: checking for boost/iostreams/device/file_descriptor.hpp
configure:19520: result: yes
configure:19534: checking boost/program_options.hpp usability
configure:19534: g++ -c -march=armv7-a -mfloat-abi=hard -mfpu=vfpv3-d16 -O2 -pipe -fstack-protector --param=ssp-buffer-size=4 -D_FORTIFY_SOURCE=2 conftest.cpp >&5
configure:19534: $? = 0
configure:19534: result: yes
configure:19534: checking boost/program_options.hpp presence
configure:19534: g++ -E -D_FORTIFY_SOURCE=2 conftest.cpp
In file included from /usr/include/c++/5.3.0/armv7l-unknown-linux-gnueabihf/bits/os_defines.h:39:0,
                 from /usr/include/c++/5.3.0/armv7l-unknown-linux-gnueabihf/bits/c++config.h:482,
                 from /usr/include/c++/5.3.0/cstddef:44,
                 from /usr/include/boost/config/compiler/gcc.hpp:156,
                 from /usr/include/boost/config.hpp:39,
                 from /usr/include/boost/program_options/config.hpp:10,
                 from /usr/include/boost/program_options/options_description.hpp:11,
                 from /usr/include/boost/program_options.hpp:15,
                 from conftest.cpp:41:
/usr/include/features.h:331:4: warning: #warning _FORTIFY_SOURCE requires compiling with optimization (-O) [-Wcpp]
 #  warning _FORTIFY_SOURCE requires compiling with optimization (-O)
    ^
configure:19534: $? = 0
configure:19534: result: yes
configure:19534: checking for boost/program_options.hpp
configure:19534: result: yes
configure:19548: checking boost/type_traits.hpp usability
configure:19548: g++ -c -march=armv7-a -mfloat-abi=hard -mfpu=vfpv3-d16 -O2 -pipe -fstack-protector --param=ssp-buffer-size=4 -D_FORTIFY_SOURCE=2 conftest.cpp >&5
configure:19548: $? = 0
configure:19548: result: yes
configure:19548: checking boost/type_traits.hpp presence
configure:19548: g++ -E -D_FORTIFY_SOURCE=2 conftest.cpp
In file included from /usr/include/c++/5.3.0/armv7l-unknown-linux-gnueabihf/bits/os_defines.h:39:0,
                 from /usr/include/c++/5.3.0/armv7l-unknown-linux-gnueabihf/bits/c++config.h:482,
                 from /usr/include/c++/5.3.0/cstddef:44,
                 from /usr/include/boost/config/compiler/gcc.hpp:156,
                 from /usr/include/boost/config.hpp:39,
                 from /usr/include/boost/type_traits/detail/config.hpp:13,
                 from /usr/include/boost/type_traits/add_const.hpp:13,
                 from /usr/include/boost/type_traits.hpp:13,
                 from conftest.cpp:42:
/usr/include/features.h:331:4: warning: #warning _FORTIFY_SOURCE requires compiling with optimization (-O) [-Wcpp]
 #  warning _FORTIFY_SOURCE requires compiling with optimization (-O)
    ^
configure:19548: $? = 0
configure:19548: result: yes
configure:19548: checking for boost/type_traits.hpp
configure:19548: result: yes
configure:19564: checking sched.h usability
configure:19564: g++ -c -march=armv7-a -mfloat-abi=hard -mfpu=vfpv3-d16 -O2 -pipe -fstack-protector --param=ssp-buffer-size=4 -D_FORTIFY_SOURCE=2 conftest.cpp >&5
configure:19564: $? = 0
configure:19564: result: yes
configure:19564: checking sched.h presence
configure:19564: g++ -E -D_FORTIFY_SOURCE=2 conftest.cpp
In file included from /usr/include/sched.h:22:0,
                 from conftest.cpp:43:
/usr/include/features.h:331:4: warning: #warning _FORTIFY_SOURCE requires compiling with optimization (-O) [-Wcpp]
 #  warning _FORTIFY_SOURCE requires compiling with optimization (-O)
    ^
configure:19564: $? = 0
configure:19564: result: yes
configure:19564: checking for sched.h
configure:19564: result: yes
configure:19579: checking sys/personality.h usability
configure:19579: g++ -c -march=armv7-a -mfloat-abi=hard -mfpu=vfpv3-d16 -O2 -pipe -fstack-protector --param=ssp-buffer-size=4 -D_FORTIFY_SOURCE=2 conftest.cpp >&5
configure:19579: $? = 0
configure:19579: result: yes
configure:19579: checking sys/personality.h presence
configure:19579: g++ -E -D_FORTIFY_SOURCE=2 conftest.cpp
In file included from /usr/include/sys/personality.h:23:0,
                 from conftest.cpp:44:
/usr/include/features.h:331:4: warning: #warning _FORTIFY_SOURCE requires compiling with optimization (-O) [-Wcpp]
 #  warning _FORTIFY_SOURCE requires compiling with optimization (-O)
    ^
configure:19579: $? = 0
configure:19579: result: yes
configure:19579: checking for sys/personality.h
configure:19579: result: yes
configure:19594: checking security/pam_appl.h usability
configure:19594: g++ -c -march=armv7-a -mfloat-abi=hard -mfpu=vfpv3-d16 -O2 -pipe -fstack-protector --param=ssp-buffer-size=4 -D_FORTIFY_SOURCE=2 conftest.cpp >&5
configure:19594: $? = 0
configure:19594: result: yes
configure:19594: checking security/pam_appl.h presence
configure:19594: g++ -E -D_FORTIFY_SOURCE=2 conftest.cpp
configure:19594: $? = 0
configure:19594: result: yes
configure:19594: checking for security/pam_appl.h
configure:19594: result: yes
configure:19610: checking for std::shared_ptr
configure:19625: g++ -o conftest -march=armv7-a -mfloat-abi=hard -mfpu=vfpv3-d16 -O2 -pipe -fstack-protector --param=ssp-buffer-size=4 -D_FORTIFY_SOURCE=2 -Wl,-O1,--sort-common,--as-needed,-z,relro conftest.cpp  >&5
conftest.cpp: In function 'int main()':
conftest.cpp:51:2: error: 'shared_ptr' is not a member of 'std'
  std::shared_ptr<int> intptr;
  ^
conftest.cpp:51:18: error: expected primary-expression before 'int'
  std::shared_ptr<int> intptr;
                  ^
distcc[5067] ERROR: compile conftest.cpp on localhost failed
configure:19625: $? = 1
configure: failed program was:
| /* confdefs.h */
| #define PACKAGE_NAME "schroot"
| #define PACKAGE_TARNAME "schroot"
| #define PACKAGE_VERSION "1.6.10"
| #define PACKAGE_STRING "schroot 1.6.10"
| #define PACKAGE_BUGREPORT "buildd-tools-devel@lists.alioth.debian.org"
| #define PACKAGE_URL ""
| #define PACKAGE "schroot"
| #define VERSION "1.6.10"
| #define RELEASE_DATE_S "05 May 2014"
| #define RELEASE_DATE 1399248000
| #define SBUILD_DEFAULT_ENVIRONMENT_FILTER "^(BASH_ENV|CDPATH|ENV|HOSTALIASES|IFS|KRB5_CONFIG|KRBCONFDIR|KRBTKFILE|KRB_CONF|LD_.*|LOCALDOMAIN|NLSPATH|PATH_LOCALE|RES_OPTIONS|TERMINFO|TERMINFO_DIRS|TERMPATH)$"
| #define HAVE_PTHREAD 1
| #define STDC_HEADERS 1
| #define HAVE_SYS_TYPES_H 1
| #define HAVE_SYS_STAT_H 1
| #define HAVE_STDLIB_H 1
| #define HAVE_STRING_H 1
| #define HAVE_MEMORY_H 1
| #define HAVE_STRINGS_H 1
| #define HAVE_INTTYPES_H 1
| #define HAVE_STDINT_H 1
| #define HAVE_UNISTD_H 1
| #define HAVE_DLFCN_H 1
| #define LT_OBJDIR ".libs/"
| #define ENABLE_NLS 1
| #define HAVE_GETTEXT 1
| #define HAVE_DCGETTEXT 1
| #define SBUILD_PLATFORM "linux"
| #define SBUILD_HOST "armv7l-unknown-linux-gnueabihf"
| #define SBUILD_HOST_OS "linux-gnueabihf"
| #define SBUILD_HOST_VENDOR "unknown"
| #define SBUILD_HOST_CPU "armv7l"
| #define HAVE_TR1_MEMORY 1
| #define HAVE_BOOST_SHARED_PTR_HPP 1
| #define HAVE_TR1_TUPLE 1
| #define HAVE_BOOST_TUPLE_TUPLE_HPP 1
| #define HAVE_BOOST_FORMAT_HPP 1
| #define HAVE_BOOST_IOSTREAMS_DEVICE_FILE_DESCRIPTOR_HPP 1
| #define HAVE_BOOST_PROGRAM_OPTIONS_HPP 1
| #define HAVE_BOOST_TYPE_TRAITS_HPP 1
| #define HAVE_SCHED_H 1
| #define HAVE_SYS_PERSONALITY_H 1
| #define HAVE_SECURITY_PAM_APPL_H 1
| /* end confdefs.h.  */
| #include <memory>
| 
| int
| main ()
| {
|  std::shared_ptr<int> intptr;
|   ;
|   return 0;
| }
configure:19630: result: no
configure:19643: checking for pam_authenticate in -lpam
configure:19668: g++ -o conftest -march=armv7-a -mfloat-abi=hard -mfpu=vfpv3-d16 -O2 -pipe -fstack-protector --param=ssp-buffer-size=4 -D_FORTIFY_SOURCE=2 -Wl,-O1,--sort-common,--as-needed,-z,relro conftest.cpp -lpam   >&5
configure:19668: $? = 0
configure:19677: result: yes
configure:19689: checking for unshare
configure:19689: g++ -o conftest -march=armv7-a -mfloat-abi=hard -mfpu=vfpv3-d16 -O2 -pipe -fstack-protector --param=ssp-buffer-size=4 -D_FORTIFY_SOURCE=2 -Wl,-O1,--sort-common,--as-needed,-z,relro conftest.cpp  >&5
configure:19689: $? = 0
configure:19689: result: yes
configure:19698: checking whether to build NLS support
configure:19704: result: yes
configure:19721: checking whether to build unshare support
configure:19730: result: yes
configure:19747: checking for personality
configure:19747: g++ -o conftest -march=armv7-a -mfloat-abi=hard -mfpu=vfpv3-d16 -O2 -pipe -fstack-protector --param=ssp-buffer-size=4 -D_FORTIFY_SOURCE=2 -Wl,-O1,--sort-common,--as-needed,-z,relro conftest.cpp  >&5
configure:19747: $? = 0
configure:19747: result: yes
configure:19756: checking whether to build personality support
configure:19765: result: yes
configure:19782: checking whether to build UUID support
configure:19799: result: yes
configure:19818: checking whether to build PAM support
configure:19846: result: yes
configure:19865: checking whether to build block-device support
configure:19871: result: yes
configure:19888: checking whether to build lvm-snapshot support
configure:19906: result: yes
configure:19923: checking whether to build btrfs-snapshot support
configure:19941: result: yes
configure:19958: checking whether to build loopback support
configure:19976: result: yes
configure:19993: checking whether to build union support
configure:20003: result: yes
configure:20020: checking whether to build doxygen documentation
configure:20032: result: no
configure:20044: checking for boost::program_options::variables_map in -lboost_program_options
configure:20060: g++ -o conftest -march=armv7-a -mfloat-abi=hard -mfpu=vfpv3-d16 -O2 -pipe -fstack-protector --param=ssp-buffer-size=4 -D_FORTIFY_SOURCE=2 -Wl,-O1,--sort-common,--as-needed,-z,relro conftest.cpp  -lboost_program_options >&5
configure:20060: $? = 0
configure:20061: result: yes
configure:20096: checking for boost::program_options::options_description::options() in -lboost_program_options
configure:20114: g++ -o conftest -march=armv7-a -mfloat-abi=hard -mfpu=vfpv3-d16 -O2 -pipe -fstack-protector --param=ssp-buffer-size=4 -D_FORTIFY_SOURCE=2 -Wl,-O1,--sort-common,--as-needed,-z,relro conftest.cpp  -lboost_program_options >&5
configure:20114: $? = 0
configure:20115: result: yes
configure:20154: checking for boost::program_options::validation_error in -lboost_program_options
configure:20172: g++ -o conftest -march=armv7-a -mfloat-abi=hard -mfpu=vfpv3-d16 -O2 -pipe -fstack-protector --param=ssp-buffer-size=4 -D_FORTIFY_SOURCE=2 -Wl,-O1,--sort-common,--as-needed,-z,relro conftest.cpp  -lboost_program_options >&5
configure:20172: $? = 0
configure:20173: result: yes (Boost >= 1.42)
configure:20216: checking for std::regex
configure:20238: g++ -o conftest -march=armv7-a -mfloat-abi=hard -mfpu=vfpv3-d16 -O2 -pipe -fstack-protector --param=ssp-buffer-size=4 -D_FORTIFY_SOURCE=2 -Wl,-O1,--sort-common,--as-needed,-z,relro conftest.cpp  >&5
In file included from /usr/include/c++/5.3.0/regex:35:0,
                 from conftest.cpp:56:
/usr/include/c++/5.3.0/bits/c++0x_warning.h:32:2: error: #error This file requires compiler and library support for the ISO C++ 2011 standard. This support must be enabled with the -std=c++11 or -std=gnu++11 compiler options.
 #error This file requires compiler and library support \
  ^
conftest.cpp: In function 'int main()':
conftest.cpp:60:1: error: 'regex' is not a member of 'std'
 std::regex foo("^foo[bar]$");
 ^
conftest.cpp:61:37: error: 'regex' is not a member of 'std'
                                     std::regex bar("^foo[bar]$", std::regex::extended);
                                     ^
conftest.cpp:62:37: error: 'regex' is not a member of 'std'
                                     std::regex check("^[^:/,.][^:/,]*$", std::regex::extended);
                                     ^
distcc[5145] ERROR: compile conftest.cpp on localhost failed
configure:20238: $? = 1
configure: program exited with status 1
configure: failed program was:
| /* confdefs.h */
| #define PACKAGE_NAME "schroot"
| #define PACKAGE_TARNAME "schroot"
| #define PACKAGE_VERSION "1.6.10"
| #define PACKAGE_STRING "schroot 1.6.10"
| #define PACKAGE_BUGREPORT "buildd-tools-devel@lists.alioth.debian.org"
| #define PACKAGE_URL ""
| #define PACKAGE "schroot"
| #define VERSION "1.6.10"
| #define RELEASE_DATE_S "05 May 2014"
| #define RELEASE_DATE 1399248000
| #define SBUILD_DEFAULT_ENVIRONMENT_FILTER "^(BASH_ENV|CDPATH|ENV|HOSTALIASES|IFS|KRB5_CONFIG|KRBCONFDIR|KRBTKFILE|KRB_CONF|LD_.*|LOCALDOMAIN|NLSPATH|PATH_LOCALE|RES_OPTIONS|TERMINFO|TERMINFO_DIRS|TERMPATH)$"
| #define HAVE_PTHREAD 1
| #define STDC_HEADERS 1
| #define HAVE_SYS_TYPES_H 1
| #define HAVE_SYS_STAT_H 1
| #define HAVE_STDLIB_H 1
| #define HAVE_STRING_H 1
| #define HAVE_MEMORY_H 1
| #define HAVE_STRINGS_H 1
| #define HAVE_INTTYPES_H 1
| #define HAVE_STDINT_H 1
| #define HAVE_UNISTD_H 1
| #define HAVE_DLFCN_H 1
| #define LT_OBJDIR ".libs/"
| #define ENABLE_NLS 1
| #define HAVE_GETTEXT 1
| #define HAVE_DCGETTEXT 1
| #define SBUILD_PLATFORM "linux"
| #define SBUILD_HOST "armv7l-unknown-linux-gnueabihf"
| #define SBUILD_HOST_OS "linux-gnueabihf"
| #define SBUILD_HOST_VENDOR "unknown"
| #define SBUILD_HOST_CPU "armv7l"
| #define HAVE_TR1_MEMORY 1
| #define HAVE_BOOST_SHARED_PTR_HPP 1
| #define HAVE_TR1_TUPLE 1
| #define HAVE_BOOST_TUPLE_TUPLE_HPP 1
| #define HAVE_BOOST_FORMAT_HPP 1
| #define HAVE_BOOST_IOSTREAMS_DEVICE_FILE_DESCRIPTOR_HPP 1
| #define HAVE_BOOST_PROGRAM_OPTIONS_HPP 1
| #define HAVE_BOOST_TYPE_TRAITS_HPP 1
| #define HAVE_SCHED_H 1
| #define HAVE_SYS_PERSONALITY_H 1
| #define HAVE_SECURITY_PAM_APPL_H 1
| #define SBUILD_FEATURE_NLS 1
| #define SBUILD_FEATURE_UNSHARE 1
| #define SBUILD_FEATURE_PERSONALITY 1
| #define SBUILD_USE_UUID 1
| #define SBUILD_FEATURE_PAM 1
| #define SBUILD_FEATURE_BLOCKDEV 1
| #define SBUILD_FEATURE_LVMSNAP 1
| #define SBUILD_FEATURE_BTRFSSNAP 1
| #define SBUILD_FEATURE_LOOPBACK 1
| #define SBUILD_FEATURE_UNION 1
| /* end confdefs.h.  */
| #include <regex>
| int
| main ()
| {
| std::regex foo("^foo[bar]$");
|                                     std::regex bar("^foo[bar]$", std::regex::extended);
|                                     std::regex check("^[^:/,.][^:/,]*$", std::regex::extended);
|   ;
|   return 0;
| }
configure:20257: g++ -o conftest -march=armv7-a -mfloat-abi=hard -mfpu=vfpv3-d16 -O2 -pipe -fstack-protector --param=ssp-buffer-size=4 -D_FORTIFY_SOURCE=2 -Wl,-O1,--sort-common,--as-needed,-z,relro conftest.cpp  >&5
In file included from /usr/include/c++/5.3.0/regex:35:0,
                 from conftest.cpp:56:
/usr/include/c++/5.3.0/bits/c++0x_warning.h:32:2: error: #error This file requires compiler and library support for the ISO C++ 2011 standard. This support must be enabled with the -std=c++11 or -std=gnu++11 compiler options.
 #error This file requires compiler and library support \
  ^
conftest.cpp: In function 'int main()':
conftest.cpp:60:1: error: 'regex' is not a member of 'std'
 std::regex foo("^foo[bar]$");
 ^
conftest.cpp:61:37: error: 'regex' is not a member of 'std'
                                     std::regex bar("^foo[bar]$", std::regex::extended);
                                     ^
distcc[5154] ERROR: compile conftest.cpp on localhost failed
configure:20257: $? = 1
configure: failed program was:
| /* confdefs.h */
| #define PACKAGE_NAME "schroot"
| #define PACKAGE_TARNAME "schroot"
| #define PACKAGE_VERSION "1.6.10"
| #define PACKAGE_STRING "schroot 1.6.10"
| #define PACKAGE_BUGREPORT "buildd-tools-devel@lists.alioth.debian.org"
| #define PACKAGE_URL ""
| #define PACKAGE "schroot"
| #define VERSION "1.6.10"
| #define RELEASE_DATE_S "05 May 2014"
| #define RELEASE_DATE 1399248000
| #define SBUILD_DEFAULT_ENVIRONMENT_FILTER "^(BASH_ENV|CDPATH|ENV|HOSTALIASES|IFS|KRB5_CONFIG|KRBCONFDIR|KRBTKFILE|KRB_CONF|LD_.*|LOCALDOMAIN|NLSPATH|PATH_LOCALE|RES_OPTIONS|TERMINFO|TERMINFO_DIRS|TERMPATH)$"
| #define HAVE_PTHREAD 1
| #define STDC_HEADERS 1
| #define HAVE_SYS_TYPES_H 1
| #define HAVE_SYS_STAT_H 1
| #define HAVE_STDLIB_H 1
| #define HAVE_STRING_H 1
| #define HAVE_MEMORY_H 1
| #define HAVE_STRINGS_H 1
| #define HAVE_INTTYPES_H 1
| #define HAVE_STDINT_H 1
| #define HAVE_UNISTD_H 1
| #define HAVE_DLFCN_H 1
| #define LT_OBJDIR ".libs/"
| #define ENABLE_NLS 1
| #define HAVE_GETTEXT 1
| #define HAVE_DCGETTEXT 1
| #define SBUILD_PLATFORM "linux"
| #define SBUILD_HOST "armv7l-unknown-linux-gnueabihf"
| #define SBUILD_HOST_OS "linux-gnueabihf"
| #define SBUILD_HOST_VENDOR "unknown"
| #define SBUILD_HOST_CPU "armv7l"
| #define HAVE_TR1_MEMORY 1
| #define HAVE_BOOST_SHARED_PTR_HPP 1
| #define HAVE_TR1_TUPLE 1
| #define HAVE_BOOST_TUPLE_TUPLE_HPP 1
| #define HAVE_BOOST_FORMAT_HPP 1
| #define HAVE_BOOST_IOSTREAMS_DEVICE_FILE_DESCRIPTOR_HPP 1
| #define HAVE_BOOST_PROGRAM_OPTIONS_HPP 1
| #define HAVE_BOOST_TYPE_TRAITS_HPP 1
| #define HAVE_SCHED_H 1
| #define HAVE_SYS_PERSONALITY_H 1
| #define HAVE_SECURITY_PAM_APPL_H 1
| #define SBUILD_FEATURE_NLS 1
| #define SBUILD_FEATURE_UNSHARE 1
| #define SBUILD_FEATURE_PERSONALITY 1
| #define SBUILD_USE_UUID 1
| #define SBUILD_FEATURE_PAM 1
| #define SBUILD_FEATURE_BLOCKDEV 1
| #define SBUILD_FEATURE_LVMSNAP 1
| #define SBUILD_FEATURE_BTRFSSNAP 1
| #define SBUILD_FEATURE_LOOPBACK 1
| #define SBUILD_FEATURE_UNION 1
| /* end confdefs.h.  */
| #include <regex>
| int
| main ()
| {
| std::regex foo("^foo[bar]$");
|                                     std::regex bar("^foo[bar]$", std::regex::extended);
|   ;
|   return 0;
| }
configure:20261: result: no
configure:20266: checking for boost::regex in -lboost_regex
configure:20283: g++ -o conftest -march=armv7-a -mfloat-abi=hard -mfpu=vfpv3-d16 -O2 -pipe -fstack-protector --param=ssp-buffer-size=4 -D_FORTIFY_SOURCE=2 -Wl,-O1,--sort-common,--as-needed,-z,relro conftest.cpp  -lboost_regex >&5
configure:20283: $? = 0
configure:20284: result: yes
configure:20330: checking for boost::iostreams in -lboost_iostreams
configure:20348: g++ -o conftest -march=armv7-a -mfloat-abi=hard -mfpu=vfpv3-d16 -O2 -pipe -fstack-protector --param=ssp-buffer-size=4 -D_FORTIFY_SOURCE=2 -Wl,-O1,--sort-common,--as-needed,-z,relro conftest.cpp  -lboost_iostreams >&5
In file included from /usr/include/boost/iostreams/detail/is_dereferenceable.hpp:12:0,
                 from /usr/include/boost/iostreams/detail/resolve.hpp:26,
                 from /usr/include/boost/iostreams/detail/push.hpp:24,
                 from /usr/include/boost/iostreams/detail/streambuf/indirect_streambuf.hpp:31,
                 from /usr/include/boost/iostreams/stream_buffer.hpp:22,
                 from /usr/include/boost/iostreams/stream.hpp:21,
                 from conftest.cpp:58:
/usr/include/boost/type_traits/detail/bool_trait_def.hpp:18:79: note: #pragma message: NOTE: Use of this header (bool_trait_def.hpp) is deprecated
 # pragma message("NOTE: Use of this header (bool_trait_def.hpp) is deprecated")
                                                                               ^
In file included from /usr/include/boost/type_traits/detail/bool_trait_def.hpp:21:0,
                 from /usr/include/boost/iostreams/detail/is_dereferenceable.hpp:12,
                 from /usr/include/boost/iostreams/detail/resolve.hpp:26,
                 from /usr/include/boost/iostreams/detail/push.hpp:24,
                 from /usr/include/boost/iostreams/detail/streambuf/indirect_streambuf.hpp:31,
                 from /usr/include/boost/iostreams/stream_buffer.hpp:22,
                 from /usr/include/boost/iostreams/stream.hpp:21,
                 from conftest.cpp:58:
/usr/include/boost/type_traits/detail/template_arity_spec.hpp:13:84: note: #pragma message: NOTE: Use of this header (template_arity_spec.hpp) is deprecated
 # pragma message("NOTE: Use of this header (template_arity_spec.hpp) is deprecated")
                                                                                    ^
In file included from /usr/include/boost/iostreams/detail/is_dereferenceable.hpp:13:0,
                 from /usr/include/boost/iostreams/detail/resolve.hpp:26,
                 from /usr/include/boost/iostreams/detail/push.hpp:24,
                 from /usr/include/boost/iostreams/detail/streambuf/indirect_streambuf.hpp:31,
                 from /usr/include/boost/iostreams/stream_buffer.hpp:22,
                 from /usr/include/boost/iostreams/stream.hpp:21,
                 from conftest.cpp:58:
/usr/include/boost/type_traits/detail/template_arity_spec.hpp:13:84: note: #pragma message: NOTE: Use of this header (template_arity_spec.hpp) is deprecated
 # pragma message("NOTE: Use of this header (template_arity_spec.hpp) is deprecated")
                                                                                    ^
configure:20348: $? = 0
configure:20349: result: yes
configure:20386: checking for boost::iostreams::file_descriptor_source in -lboost_iostreams
configure:20404: g++ -o conftest -march=armv7-a -mfloat-abi=hard -mfpu=vfpv3-d16 -O2 -pipe -fstack-protector --param=ssp-buffer-size=4 -D_FORTIFY_SOURCE=2 -Wl,-O1,--sort-common,--as-needed,-z,relro conftest.cpp  -lboost_iostreams >&5
In file included from /usr/include/boost/iostreams/detail/is_dereferenceable.hpp:12:0,
                 from /usr/include/boost/iostreams/detail/resolve.hpp:26,
                 from /usr/include/boost/iostreams/detail/push.hpp:24,
                 from /usr/include/boost/iostreams/detail/streambuf/indirect_streambuf.hpp:31,
                 from /usr/include/boost/iostreams/stream_buffer.hpp:22,
                 from /usr/include/boost/iostreams/stream.hpp:21,
                 from conftest.cpp:58:
/usr/include/boost/type_traits/detail/bool_trait_def.hpp:18:79: note: #pragma message: NOTE: Use of this header (bool_trait_def.hpp) is deprecated
 # pragma message("NOTE: Use of this header (bool_trait_def.hpp) is deprecated")
                                                                               ^
In file included from /usr/include/boost/type_traits/detail/bool_trait_def.hpp:21:0,
                 from /usr/include/boost/iostreams/detail/is_dereferenceable.hpp:12,
                 from /usr/include/boost/iostreams/detail/resolve.hpp:26,
                 from /usr/include/boost/iostreams/detail/push.hpp:24,
                 from /usr/include/boost/iostreams/detail/streambuf/indirect_streambuf.hpp:31,
                 from /usr/include/boost/iostreams/stream_buffer.hpp:22,
                 from /usr/include/boost/iostreams/stream.hpp:21,
                 from conftest.cpp:58:
/usr/include/boost/type_traits/detail/template_arity_spec.hpp:13:84: note: #pragma message: NOTE: Use of this header (template_arity_spec.hpp) is deprecated
 # pragma message("NOTE: Use of this header (template_arity_spec.hpp) is deprecated")
                                                                                    ^
In file included from /usr/include/boost/iostreams/detail/is_dereferenceable.hpp:13:0,
                 from /usr/include/boost/iostreams/detail/resolve.hpp:26,
                 from /usr/include/boost/iostreams/detail/push.hpp:24,
                 from /usr/include/boost/iostreams/detail/streambuf/indirect_streambuf.hpp:31,
                 from /usr/include/boost/iostreams/stream_buffer.hpp:22,
                 from /usr/include/boost/iostreams/stream.hpp:21,
                 from conftest.cpp:58:
/usr/include/boost/type_traits/detail/template_arity_spec.hpp:13:84: note: #pragma message: NOTE: Use of this header (template_arity_spec.hpp) is deprecated
 # pragma message("NOTE: Use of this header (template_arity_spec.hpp) is deprecated")
                                                                                    ^
configure:20404: $? = 0
configure:20405: result: yes (Boost >= 1.44)
configure:20446: checking for boost::filesystem in -lboost_filesystem
configure:20462: g++ -o conftest -march=armv7-a -mfloat-abi=hard -mfpu=vfpv3-d16 -O2 -pipe -fstack-protector --param=ssp-buffer-size=4 -D_FORTIFY_SOURCE=2 -Wl,-O1,--sort-common,--as-needed,-z,relro conftest.cpp  -lboost_filesystem -lboost_system >&5
configure:20462: $? = 0
configure:20463: result: yes
configure:20662: checking that generated files are newer than configure
configure:20668: result: done
configure:20771: creating ./config.status

## ---------------------- ##
## Running config.status. ##
## ---------------------- ##

This file was extended by schroot config.status 1.6.10, which was
generated by GNU Autoconf 2.69.  Invocation command line was

  CONFIG_FILES    = 
  CONFIG_HEADERS  = 
  CONFIG_LINKS    = 
  CONFIG_COMMANDS = 
  $ ./config.status 

on alarm

config.status:1301: creating doc/Makefile
config.status:1301: creating doc/sbuild.dox
config.status:1301: creating doc/schroot.dox
config.status:1301: creating doc/historical/Makefile
config.status:1301: creating po/Makefile.in
config.status:1301: creating sbuild/Makefile
config.status:1301: creating sbuild/sbuild.pc
config.status:1301: creating bin/Makefile
config.status:1301: creating bin/schroot-base/Makefile
config.status:1301: creating bin/schroot/Makefile
config.status:1301: creating bin/schroot-listmounts/Makefile
config.status:1301: creating bin/schroot-mount/Makefile
config.status:1301: creating bin/schroot-sbuild/Makefile
config.status:1301: creating bin/dchroot/Makefile
config.status:1301: creating bin/dchroot-dsa/Makefile
config.status:1301: creating bin/csbuild/Makefile
config.status:1301: creating contrib/Makefile
config.status:1301: creating contrib/setup.d/Makefile
config.status:1301: creating etc/Makefile
config.status:1301: creating etc/pam/Makefile
config.status:1301: creating etc/setup.d/Makefile
config.status:1301: creating etc/bash_completion/Makefile
config.status:1301: creating man/Makefile
config.status:1301: creating scripts/po-notify
config.status:1301: creating test/Makefile
config.status:1301: creating Makefile
config.status:1301: creating config.h
config.status:1482: config.h is unchanged
config.status:1301: creating sbuild/sbuild-config.h
config.status:1482: sbuild/sbuild-config.h is unchanged
config.status:1530: executing depfiles commands
config.status:1530: executing libtool commands
config.status:1530: executing po-directories commands

## ---------------- ##
## Cache variables. ##
## ---------------- ##

ac_cv_build=armv7l-unknown-linux-gnueabihf
ac_cv_c_compiler_gnu=yes
ac_cv_cxx_compiler_gnu=yes
ac_cv_env_CCC_set=
ac_cv_env_CCC_value=
ac_cv_env_CC_set=
ac_cv_env_CC_value=
ac_cv_env_CFLAGS_set=set
ac_cv_env_CFLAGS_value='-march=armv7-a -mfloat-abi=hard -mfpu=vfpv3-d16 -O2 -pipe -fstack-protector --param=ssp-buffer-size=4'
ac_cv_env_CPPFLAGS_set=set
ac_cv_env_CPPFLAGS_value=-D_FORTIFY_SOURCE=2
ac_cv_env_CPP_set=
ac_cv_env_CPP_value=
ac_cv_env_CXXCPP_set=
ac_cv_env_CXXCPP_value=
ac_cv_env_CXXFLAGS_set=set
ac_cv_env_CXXFLAGS_value='-march=armv7-a -mfloat-abi=hard -mfpu=vfpv3-d16 -O2 -pipe -fstack-protector --param=ssp-buffer-size=4'
ac_cv_env_CXX_set=
ac_cv_env_CXX_value=
ac_cv_env_LDFLAGS_set=set
ac_cv_env_LDFLAGS_value=-Wl,-O1,--sort-common,--as-needed,-z,relro
ac_cv_env_LIBS_set=
ac_cv_env_LIBS_value=
ac_cv_env_LT_SYS_LIBRARY_PATH_set=
ac_cv_env_LT_SYS_LIBRARY_PATH_value=
ac_cv_env_PKG_CONFIG_LIBDIR_set=
ac_cv_env_PKG_CONFIG_LIBDIR_value=
ac_cv_env_PKG_CONFIG_PATH_set=
ac_cv_env_PKG_CONFIG_PATH_value=
ac_cv_env_PKG_CONFIG_set=
ac_cv_env_PKG_CONFIG_value=
ac_cv_env_UUID_CFLAGS_set=
ac_cv_env_UUID_CFLAGS_value=
ac_cv_env_UUID_LIBS_set=
ac_cv_env_UUID_LIBS_value=
ac_cv_env_build_alias_set=
ac_cv_env_build_alias_value=
ac_cv_env_host_alias_set=
ac_cv_env_host_alias_value=
ac_cv_env_target_alias_set=
ac_cv_env_target_alias_value=
ac_cv_func_personality=yes
ac_cv_func_unshare=yes
ac_cv_header_boost_format_hpp=yes
ac_cv_header_boost_iostreams_device_file_descriptor_hpp=yes
ac_cv_header_boost_program_options_hpp=yes
ac_cv_header_boost_shared_ptr_hpp=yes
ac_cv_header_boost_tuple_tuple_hpp=yes
ac_cv_header_boost_type_traits_hpp=yes
ac_cv_header_dlfcn_h=yes
ac_cv_header_inttypes_h=yes
ac_cv_header_memory_h=yes
ac_cv_header_sched_h=yes
ac_cv_header_security_pam_appl_h=yes
ac_cv_header_stdc=yes
ac_cv_header_stdint_h=yes
ac_cv_header_stdlib_h=yes
ac_cv_header_string_h=yes
ac_cv_header_strings_h=yes
ac_cv_header_sys_personality_h=yes
ac_cv_header_sys_stat_h=yes
ac_cv_header_sys_types_h=yes
ac_cv_header_tr1_memory=yes
ac_cv_header_tr1_tuple=yes
ac_cv_header_tuple=no
ac_cv_header_unistd_h=yes
ac_cv_host=armv7l-unknown-linux-gnueabihf
ac_cv_lib_pam_pam_authenticate=yes
ac_cv_objext=o
ac_cv_path_BTRFS=/sbin/btrfs
ac_cv_path_BTRFSCTL=/sbin/btrfsctl
ac_cv_path_CPPUNIT_CONFIG=/usr/bin/cppunit-config
ac_cv_path_EGREP='/usr/bin/grep -E'
ac_cv_path_FGREP='/usr/bin/grep -F'
ac_cv_path_FIND=/usr/bin/find
ac_cv_path_GMSGFMT=/usr/bin/msgfmt
ac_cv_path_GREP=/usr/bin/grep
ac_cv_path_LOSETUP=/usr/bin/losetup
ac_cv_path_LVCREATE=/sbin/lvcreate
ac_cv_path_LVREMOVE=/sbin/lvremove
ac_cv_path_MSGFMT=/usr/bin/msgfmt
ac_cv_path_MSGMERGE=/usr/bin/msgmerge
ac_cv_path_SED=/usr/bin/sed
ac_cv_path_SOELIM=/usr/bin/soelim
ac_cv_path_XARGS=/usr/bin/xargs
ac_cv_path_XGETTEXT=/usr/bin/xgettext
ac_cv_path_ac_pt_PKG_CONFIG=/usr/bin/pkg-config
ac_cv_path_install='/usr/bin/install -c'
ac_cv_path_lt_DD=/usr/bin/dd
ac_cv_path_mkdir=/usr/bin/mkdir
ac_cv_prog_AWK=gawk
ac_cv_prog_CPP='gcc -E'
ac_cv_prog_CXXCPP='g++ -E'
ac_cv_prog_ac_ct_AR=ar
ac_cv_prog_ac_ct_CC=gcc
ac_cv_prog_ac_ct_CXX=g++
ac_cv_prog_ac_ct_OBJDUMP=objdump
ac_cv_prog_ac_ct_RANLIB=ranlib
ac_cv_prog_ac_ct_STRIP=strip
ac_cv_prog_cc_c89=
ac_cv_prog_cc_g=yes
ac_cv_prog_cxx_g=yes
ac_cv_prog_make_make_set=yes
acl_cv_hardcode_direct=no
acl_cv_hardcode_libdir_flag_spec='${wl}-rpath ${wl}$libdir'
acl_cv_hardcode_libdir_separator=
acl_cv_hardcode_minus_L=no
acl_cv_libext=a
acl_cv_path_LD=/usr/bin/ld
acl_cv_prog_gnu_ld=yes
acl_cv_rpath=done
acl_cv_shlibext=so
acl_cv_wl=-Wl,
am_cv_CC_dependencies_compiler_type=gcc3
am_cv_CXX_dependencies_compiler_type=gcc3
am_cv_make_support_nested_variables=yes
am_cv_prog_cc_c_o=yes
am_cv_prog_tar_pax=gnutar
gt_cv_func_CFLocaleCopyCurrent=no
gt_cv_func_CFPreferencesCopyAppValue=no
gt_cv_func_gnugettext1_libc=yes
lt_cv_ar_at_file=@
lt_cv_deplibs_check_method=pass_all
lt_cv_file_magic_cmd='$MAGIC_CMD'
lt_cv_file_magic_test_file=
lt_cv_ld_reload_flag=-r
lt_cv_nm_interface='BSD nm'
lt_cv_objdir=.libs
lt_cv_path_LD=/usr/bin/ld
lt_cv_path_LDCXX=/usr/bin/ld
lt_cv_path_NM='/usr/bin/nm -B'
lt_cv_path_mainfest_tool=no
lt_cv_prog_compiler_c_o=yes
lt_cv_prog_compiler_c_o_CXX=yes
lt_cv_prog_compiler_pic='-fPIC -DPIC'
lt_cv_prog_compiler_pic_CXX='-fPIC -DPIC'
lt_cv_prog_compiler_pic_works=yes
lt_cv_prog_compiler_pic_works_CXX=yes
lt_cv_prog_compiler_rtti_exceptions=no
lt_cv_prog_compiler_static_works=yes
lt_cv_prog_compiler_static_works_CXX=yes
lt_cv_prog_gnu_ld=yes
lt_cv_prog_gnu_ldcxx=yes
lt_cv_sharedlib_from_linklib_cmd='printf %s\n'
lt_cv_shlibpath_overrides_runpath=no
lt_cv_sys_global_symbol_pipe='sed -n -e '\''s/^.*[	 ]\([ABCDGIRSTW][ABCDGIRSTW]*\)[	 ][	 ]*\([_A-Za-z][_A-Za-z0-9]*\)$/\1 \2 \2/p'\'' | sed '\''/ __gnu_lto/d'\'''
lt_cv_sys_global_symbol_to_c_name_address='sed -n -e '\''s/^: \(.*\) .*$/  {"\1", (void *) 0},/p'\'' -e '\''s/^[ABCDGIRSTW][ABCDGIRSTW]* .* \(.*\)$/  {"\1", (void *) \&\1},/p'\'''
lt_cv_sys_global_symbol_to_c_name_address_lib_prefix='sed -n -e '\''s/^: \(.*\) .*$/  {"\1", (void *) 0},/p'\'' -e '\''s/^[ABCDGIRSTW][ABCDGIRSTW]* .* \(lib.*\)$/  {"\1", (void *) \&\1},/p'\'' -e '\''s/^[ABCDGIRSTW][ABCDGIRSTW]* .* \(.*\)$/  {"lib\1", (void *) \&\1},/p'\'''
lt_cv_sys_global_symbol_to_cdecl='sed -n -e '\''s/^T .* \(.*\)$/extern int \1();/p'\'' -e '\''s/^[ABCDGIRSTW][ABCDGIRSTW]* .* \(.*\)$/extern char \1;/p'\'''
lt_cv_sys_global_symbol_to_import=
lt_cv_sys_max_cmd_len=1572864
lt_cv_to_host_file_cmd=func_convert_file_noop
lt_cv_to_tool_file_cmd=func_convert_file_noop
lt_cv_truncate_bin='/usr/bin/dd bs=4096 count=1'
pkg_cv_UUID_CFLAGS=-I/usr/include/uuid
pkg_cv_UUID_LIBS=-luuid

## ----------------- ##
## Output variables. ##
## ----------------- ##

ACLOCAL='${SHELL} /home/alarm/PKGBUILDs/schroot-android/src/schroot-1.6.10/scripts/missing aclocal-1.15'
AMDEPBACKSLASH='\'
AMDEP_FALSE='#'
AMDEP_TRUE=''
AMTAR='$${TAR-tar}'
AM_BACKSLASH='\'
AM_DEFAULT_V='$(AM_DEFAULT_VERBOSITY)'
AM_DEFAULT_VERBOSITY='0'
AM_V='$(V)'
AR='ar'
AUTOCONF='${SHELL} /home/alarm/PKGBUILDs/schroot-android/src/schroot-1.6.10/scripts/missing autoconf'
AUTOHEADER='${SHELL} /home/alarm/PKGBUILDs/schroot-android/src/schroot-1.6.10/scripts/missing autoheader'
AUTOMAKE='${SHELL} /home/alarm/PKGBUILDs/schroot-android/src/schroot-1.6.10/scripts/missing automake-1.15'
AWK='gawk'
BOOST_FILESYSTEM_LIBS='-lboost_filesystem -lboost_system'
BOOST_LIBS=' -lboost_program_options -lboost_regex -lboost_iostreams -lboost_iostreams'
BTRFS='/sbin/btrfs'
BTRFSCTL='/sbin/btrfsctl'
BUILD_BLOCKDEV_FALSE='#'
BUILD_BLOCKDEV_TRUE=''
BUILD_BTRFSSNAP_FALSE='#'
BUILD_BTRFSSNAP_TRUE=''
BUILD_CSBUILD_FALSE=''
BUILD_CSBUILD_TRUE='#'
BUILD_DCHROOT_DSA_FALSE=''
BUILD_DCHROOT_DSA_TRUE='#'
BUILD_DCHROOT_FALSE='#'
BUILD_DCHROOT_TRUE=''
BUILD_DOXYGEN_FALSE=''
BUILD_DOXYGEN_TRUE='#'
BUILD_LIBDCHROOT_FALSE='#'
BUILD_LIBDCHROOT_TRUE=''
BUILD_LOOPBACK_FALSE='#'
BUILD_LOOPBACK_TRUE=''
BUILD_LVMSNAP_FALSE='#'
BUILD_LVMSNAP_TRUE=''
BUILD_NLS_FALSE='#'
BUILD_NLS_TRUE=''
BUILD_PAM_FALSE='#'
BUILD_PAM_TRUE=''
BUILD_PERSONALITY_FALSE='#'
BUILD_PERSONALITY_TRUE=''
BUILD_UNION_FALSE='#'
BUILD_UNION_TRUE=''
BUILD_UNSHARE_FALSE='#'
BUILD_UNSHARE_TRUE=''
BUILD_UUID_FALSE='#'
BUILD_UUID_TRUE=''
CC='gcc'
CCDEPMODE='depmode=gcc3'
CFLAGS='-march=armv7-a -mfloat-abi=hard -mfpu=vfpv3-d16 -O2 -pipe -fstack-protector --param=ssp-buffer-size=4'
CPP='gcc -E'
CPPFLAGS='-D_FORTIFY_SOURCE=2'
CPPUNIT_CFLAGS=''
CPPUNIT_CONFIG='/usr/bin/cppunit-config'
CPPUNIT_LIBS='-lcppunit -ldl'
CXX='g++'
CXXCPP='g++ -E'
CXXDEPMODE='depmode=gcc3'
CXXFLAGS='-march=armv7-a -mfloat-abi=hard -mfpu=vfpv3-d16 -O2 -pipe -fstack-protector --param=ssp-buffer-size=4'
CYGPATH_W='echo'
DEFS='-DHAVE_CONFIG_H'
DEPDIR='.deps'
DLLTOOL='false'
DOXYGEN=''
DSYMUTIL=''
DUMPBIN=''
ECHO_C=''
ECHO_N='-n'
ECHO_T=''
EGREP='/usr/bin/grep -E'
EXEEXT=''
FGREP='/usr/bin/grep -F'
FIND='/usr/bin/find'
GMSGFMT='/usr/bin/msgfmt'
GMSGFMT_015='/usr/bin/msgfmt'
GREP='/usr/bin/grep'
INSTALL_DATA='${INSTALL} -m 644'
INSTALL_PROGRAM='${INSTALL}'
INSTALL_SCRIPT='${INSTALL}'
INSTALL_STRIP_PROGRAM='$(install_sh) -c -s'
INTLLIBS=''
INTL_MACOSX_LIBS=''
LD='/usr/bin/ld'
LDFLAGS='-Wl,-O1,--sort-common,--as-needed,-z,relro'
LIBICONV='-liconv'
LIBINTL=''
LIBOBJS=''
LIBS=''
LIBTOOL='$(SHELL) $(top_builddir)/libtool'
LIPO=''
LN_S='ln -s'
LOSETUP='/usr/bin/losetup'
LTLIBICONV='-liconv'
LTLIBINTL=''
LTLIBOBJS=''
LT_SYS_LIBRARY_PATH=''
LVCREATE='/sbin/lvcreate'
LVREMOVE='/sbin/lvremove'
MAKEINFO='${SHELL} /home/alarm/PKGBUILDs/schroot-android/src/schroot-1.6.10/scripts/missing makeinfo'
MANIFEST_TOOL=':'
MKDIR_P='/usr/bin/mkdir -p'
MSGFMT='/usr/bin/msgfmt'
MSGFMT_015='/usr/bin/msgfmt'
MSGMERGE='/usr/bin/msgmerge'
NM='/usr/bin/nm -B'
NMEDIT=''
OBJDUMP='objdump'
OBJEXT='o'
OTOOL64=''
OTOOL=''
PACKAGE='schroot'
PACKAGE_BUGREPORT='buildd-tools-devel@lists.alioth.debian.org'
PACKAGE_NAME='schroot'
PACKAGE_STRING='schroot 1.6.10'
PACKAGE_TARNAME='schroot'
PACKAGE_URL=''
PACKAGE_VERSION='1.6.10'
PAM_LIBS='-lpam'
PATH_SEPARATOR=':'
PKG_CONFIG='/usr/bin/pkg-config'
PKG_CONFIG_LIBDIR=''
PKG_CONFIG_PATH=''
PLATFORM='linux'
PLATFORM_FREEBSD_FALSE=''
PLATFORM_FREEBSD_TRUE='#'
PLATFORM_GENERIC_FALSE=''
PLATFORM_GENERIC_TRUE='#'
PLATFORM_LINUX_FALSE='#'
PLATFORM_LINUX_TRUE=''
PO4A=''
POSUB='po'
PTHREAD_CC='gcc'
PTHREAD_CFLAGS='-pthread'
PTHREAD_LIBS=''
RANLIB='ranlib'
RELEASE_DATE='1399248000'
RELEASE_DATE_S='05 May 2014'
SBUILD_BINARY_AGE='0'
SBUILD_CURRENT_INTERFACE='1'
SBUILD_INTERFACE_AGE='0'
SCHROOT_CFLAGS='-I/usr/include/uuid'
SED='/usr/bin/sed'
SET_MAKE=''
SHELL='/bin/sh'
SOELIM='/usr/bin/soelim'
STRIP='strip'
USE_NLS='yes'
USE_UNIT_TESTS_FALSE='#'
USE_UNIT_TESTS_TRUE=''
UUID_CFLAGS='-I/usr/include/uuid'
UUID_LIBS='-luuid'
VERSION='1.6.10'
XARGS='/usr/bin/xargs'
XGETTEXT='/usr/bin/xgettext'
XGETTEXT_015='/usr/bin/xgettext'
ac_ct_AR='ar'
ac_ct_CC='gcc'
ac_ct_CXX='g++'
ac_ct_DUMPBIN=''
acx_pthread_config=''
am__EXEEXT_FALSE=''
am__EXEEXT_TRUE='#'
am__fastdepCC_FALSE='#'
am__fastdepCC_TRUE=''
am__fastdepCXX_FALSE='#'
am__fastdepCXX_TRUE=''
am__include='include'
am__isrc=''
am__leading_dot='.'
am__nodep='_no'
am__quote=''
am__tar='tar --format=posix -chf - "$$tardir"'
am__untar='tar -xf -'
bashcompletiondir='/usr/share/bash-completion/completions/'
bindir='${exec_prefix}/bin'
build='armv7l-unknown-linux-gnueabihf'
build_alias=''
build_cpu='armv7l'
build_os='linux-gnueabihf'
build_vendor='unknown'
datadir='${datarootdir}'
datarootdir='${prefix}/share'
docdir='${datarootdir}/doc/${PACKAGE_TARNAME}'
dvidir='${docdir}'
exec_prefix='${prefix}'
host='armv7l-unknown-linux-gnueabihf'
host_alias=''
host_cpu='armv7l'
host_os='linux-gnueabihf'
host_vendor='unknown'
htmldir='${docdir}'
includedir='${prefix}/include'
infodir='${datarootdir}/info'
install_sh='${SHELL} /home/alarm/PKGBUILDs/schroot-android/src/schroot-1.6.10/scripts/install-sh'
libdir='${exec_prefix}/lib'
libexecdir='/usr/lib'
localedir='${datarootdir}/locale'
localstatedir='/var'
mandir='${datarootdir}/man'
mkdir_p='/usr/bin/mkdir -p'
oldincludedir='/usr/include'
pdfdir='${docdir}'
prefix='/usr'
program_transform_name='s,x,x,'
psdir='${docdir}'
sbindir='${exec_prefix}/sbin'
sharedstatedir='${prefix}/com'
sysconfdir='/etc'
target_alias=''

## ----------- ##
## confdefs.h. ##
## ----------- ##

/* confdefs.h */
#define PACKAGE_NAME "schroot"
#define PACKAGE_TARNAME "schroot"
#define PACKAGE_VERSION "1.6.10"
#define PACKAGE_STRING "schroot 1.6.10"
#define PACKAGE_BUGREPORT "buildd-tools-devel@lists.alioth.debian.org"
#define PACKAGE_URL ""
#define PACKAGE "schroot"
#define VERSION "1.6.10"
#define RELEASE_DATE_S "05 May 2014"
#define RELEASE_DATE 1399248000
#define SBUILD_DEFAULT_ENVIRONMENT_FILTER "^(BASH_ENV|CDPATH|ENV|HOSTALIASES|IFS|KRB5_CONFIG|KRBCONFDIR|KRBTKFILE|KRB_CONF|LD_.*|LOCALDOMAIN|NLSPATH|PATH_LOCALE|RES_OPTIONS|TERMINFO|TERMINFO_DIRS|TERMPATH)$"
#define HAVE_PTHREAD 1
#define STDC_HEADERS 1
#define HAVE_SYS_TYPES_H 1
#define HAVE_SYS_STAT_H 1
#define HAVE_STDLIB_H 1
#define HAVE_STRING_H 1
#define HAVE_MEMORY_H 1
#define HAVE_STRINGS_H 1
#define HAVE_INTTYPES_H 1
#define HAVE_STDINT_H 1
#define HAVE_UNISTD_H 1
#define HAVE_DLFCN_H 1
#define LT_OBJDIR ".libs/"
#define ENABLE_NLS 1
#define HAVE_GETTEXT 1
#define HAVE_DCGETTEXT 1
#define SBUILD_PLATFORM "linux"
#define SBUILD_HOST "armv7l-unknown-linux-gnueabihf"
#define SBUILD_HOST_OS "linux-gnueabihf"
#define SBUILD_HOST_VENDOR "unknown"
#define SBUILD_HOST_CPU "armv7l"
#define HAVE_TR1_MEMORY 1
#define HAVE_BOOST_SHARED_PTR_HPP 1
#define HAVE_TR1_TUPLE 1
#define HAVE_BOOST_TUPLE_TUPLE_HPP 1
#define HAVE_BOOST_FORMAT_HPP 1
#define HAVE_BOOST_IOSTREAMS_DEVICE_FILE_DESCRIPTOR_HPP 1
#define HAVE_BOOST_PROGRAM_OPTIONS_HPP 1
#define HAVE_BOOST_TYPE_TRAITS_HPP 1
#define HAVE_SCHED_H 1
#define HAVE_SYS_PERSONALITY_H 1
#define HAVE_SECURITY_PAM_APPL_H 1
#define SBUILD_FEATURE_NLS 1
#define SBUILD_FEATURE_UNSHARE 1
#define SBUILD_FEATURE_PERSONALITY 1
#define SBUILD_USE_UUID 1
#define SBUILD_FEATURE_PAM 1
#define SBUILD_FEATURE_BLOCKDEV 1
#define SBUILD_FEATURE_LVMSNAP 1
#define SBUILD_FEATURE_BTRFSSNAP 1
#define SBUILD_FEATURE_LOOPBACK 1
#define SBUILD_FEATURE_UNION 1
#define HAVE_BOOST_REGEX 1

configure: exit 0
